2023-05-15 21:13:49,583 [Worker-5: Loading available Gradle versions] INFO  o.e.b.c.i.u.g.PublishedGradleVersions - Gradle version information cache is out-of-date. Trying to update.
2023-05-15 21:13:50,444 [Worker-5: Loading available Gradle versions] INFO  o.e.b.c.i.u.g.PublishedGradleVersions - Updating Gradle version information cache failed. Using outdated cache.
2023-05-15 21:16:30,304 [Worker-23: Launching mavenrun-57bb8c49-d621-4d20-a874-38b1d8f6e2e7] INFO  o.eclipse.m2e.core.internal.Bundles - getClasspathEntries(Bundle=org.eclipse.m2e.maven.runtime_3.8.701.20230209-1606 [273])
2023-05-15 21:16:30,391 [Worker-23: Launching mavenrun-57bb8c49-d621-4d20-a874-38b1d8f6e2e7] INFO  o.eclipse.m2e.core.internal.Bundles - 	Entry: C:\Users\MOHAMMED\.p2\pool\plugins\org.eclipse.m2e.maven.runtime_3.8.701.20230209-1606
2023-05-15 21:16:30,404 [Worker-23: Launching mavenrun-57bb8c49-d621-4d20-a874-38b1d8f6e2e7] INFO  o.eclipse.m2e.core.internal.Bundles - 	Entry: C:\Users\MOHAMMED\.p2\pool\plugins\org.eclipse.m2e.maven.runtime_3.8.701.20230209-1606\jars\aether-connector-okhttp-0.17.8.jar
2023-05-15 21:16:30,404 [Worker-23: Launching mavenrun-57bb8c49-d621-4d20-a874-38b1d8f6e2e7] INFO  o.eclipse.m2e.core.internal.Bundles - 	Entry: C:\Users\MOHAMMED\.p2\pool\plugins\org.eclipse.m2e.maven.runtime_3.8.701.20230209-1606\jars\commons-lang3-3.8.1.jar
2023-05-15 21:16:30,404 [Worker-23: Launching mavenrun-57bb8c49-d621-4d20-a874-38b1d8f6e2e7] INFO  o.eclipse.m2e.core.internal.Bundles - 	Entry: C:\Users\MOHAMMED\.p2\pool\plugins\org.eclipse.m2e.maven.runtime_3.8.701.20230209-1606\jars\guice-4.2.2-no_aop.jar
2023-05-15 21:16:30,404 [Worker-23: Launching mavenrun-57bb8c49-d621-4d20-a874-38b1d8f6e2e7] INFO  o.eclipse.m2e.core.internal.Bundles - 	Entry: C:\Users\MOHAMMED\.p2\pool\plugins\org.eclipse.m2e.maven.runtime_3.8.701.20230209-1606\jars\jansi-2.4.0.jar
2023-05-15 21:16:30,404 [Worker-23: Launching mavenrun-57bb8c49-d621-4d20-a874-38b1d8f6e2e7] INFO  o.eclipse.m2e.core.internal.Bundles - 	Entry: C:\Users\MOHAMMED\.p2\pool\plugins\org.eclipse.m2e.maven.runtime_3.8.701.20230209-1606\jars\maven-artifact-3.8.7.jar
2023-05-15 21:16:30,404 [Worker-23: Launching mavenrun-57bb8c49-d621-4d20-a874-38b1d8f6e2e7] INFO  o.eclipse.m2e.core.internal.Bundles - 	Entry: C:\Users\MOHAMMED\.p2\pool\plugins\org.eclipse.m2e.maven.runtime_3.8.701.20230209-1606\jars\maven-builder-support-3.8.7.jar
2023-05-15 21:16:30,405 [Worker-23: Launching mavenrun-57bb8c49-d621-4d20-a874-38b1d8f6e2e7] INFO  o.eclipse.m2e.core.internal.Bundles - 	Entry: C:\Users\MOHAMMED\.p2\pool\plugins\org.eclipse.m2e.maven.runtime_3.8.701.20230209-1606\jars\maven-compat-3.8.7.jar
2023-05-15 21:16:30,405 [Worker-23: Launching mavenrun-57bb8c49-d621-4d20-a874-38b1d8f6e2e7] INFO  o.eclipse.m2e.core.internal.Bundles - 	Entry: C:\Users\MOHAMMED\.p2\pool\plugins\org.eclipse.m2e.maven.runtime_3.8.701.20230209-1606\jars\maven-core-3.8.7.jar
2023-05-15 21:16:30,405 [Worker-23: Launching mavenrun-57bb8c49-d621-4d20-a874-38b1d8f6e2e7] INFO  o.eclipse.m2e.core.internal.Bundles - 	Entry: C:\Users\MOHAMMED\.p2\pool\plugins\org.eclipse.m2e.maven.runtime_3.8.701.20230209-1606\jars\maven-embedder-3.8.7.jar
2023-05-15 21:16:30,405 [Worker-23: Launching mavenrun-57bb8c49-d621-4d20-a874-38b1d8f6e2e7] INFO  o.eclipse.m2e.core.internal.Bundles - 	Entry: C:\Users\MOHAMMED\.p2\pool\plugins\org.eclipse.m2e.maven.runtime_3.8.701.20230209-1606\jars\maven-model-3.8.7.jar
2023-05-15 21:16:30,405 [Worker-23: Launching mavenrun-57bb8c49-d621-4d20-a874-38b1d8f6e2e7] INFO  o.eclipse.m2e.core.internal.Bundles - 	Entry: C:\Users\MOHAMMED\.p2\pool\plugins\org.eclipse.m2e.maven.runtime_3.8.701.20230209-1606\jars\maven-model-builder-3.8.7.jar
2023-05-15 21:16:30,405 [Worker-23: Launching mavenrun-57bb8c49-d621-4d20-a874-38b1d8f6e2e7] INFO  o.eclipse.m2e.core.internal.Bundles - 	Entry: C:\Users\MOHAMMED\.p2\pool\plugins\org.eclipse.m2e.maven.runtime_3.8.701.20230209-1606\jars\maven-plugin-api-3.8.7.jar
2023-05-15 21:16:30,405 [Worker-23: Launching mavenrun-57bb8c49-d621-4d20-a874-38b1d8f6e2e7] INFO  o.eclipse.m2e.core.internal.Bundles - 	Entry: C:\Users\MOHAMMED\.p2\pool\plugins\org.eclipse.m2e.maven.runtime_3.8.701.20230209-1606\jars\maven-repository-metadata-3.8.7.jar
2023-05-15 21:16:30,405 [Worker-23: Launching mavenrun-57bb8c49-d621-4d20-a874-38b1d8f6e2e7] INFO  o.eclipse.m2e.core.internal.Bundles - 	Entry: C:\Users\MOHAMMED\.p2\pool\plugins\org.eclipse.m2e.maven.runtime_3.8.701.20230209-1606\jars\maven-resolver-api-1.6.3.jar
2023-05-15 21:16:30,405 [Worker-23: Launching mavenrun-57bb8c49-d621-4d20-a874-38b1d8f6e2e7] INFO  o.eclipse.m2e.core.internal.Bundles - 	Entry: C:\Users\MOHAMMED\.p2\pool\plugins\org.eclipse.m2e.maven.runtime_3.8.701.20230209-1606\jars\maven-resolver-connector-basic-1.6.3.jar
2023-05-15 21:16:30,405 [Worker-23: Launching mavenrun-57bb8c49-d621-4d20-a874-38b1d8f6e2e7] INFO  o.eclipse.m2e.core.internal.Bundles - 	Entry: C:\Users\MOHAMMED\.p2\pool\plugins\org.eclipse.m2e.maven.runtime_3.8.701.20230209-1606\jars\maven-resolver-impl-1.6.3.jar
2023-05-15 21:16:30,405 [Worker-23: Launching mavenrun-57bb8c49-d621-4d20-a874-38b1d8f6e2e7] INFO  o.eclipse.m2e.core.internal.Bundles - 	Entry: C:\Users\MOHAMMED\.p2\pool\plugins\org.eclipse.m2e.maven.runtime_3.8.701.20230209-1606\jars\maven-resolver-provider-3.8.7.jar
2023-05-15 21:16:30,405 [Worker-23: Launching mavenrun-57bb8c49-d621-4d20-a874-38b1d8f6e2e7] INFO  o.eclipse.m2e.core.internal.Bundles - 	Entry: C:\Users\MOHAMMED\.p2\pool\plugins\org.eclipse.m2e.maven.runtime_3.8.701.20230209-1606\jars\maven-resolver-spi-1.6.3.jar
2023-05-15 21:16:30,405 [Worker-23: Launching mavenrun-57bb8c49-d621-4d20-a874-38b1d8f6e2e7] INFO  o.eclipse.m2e.core.internal.Bundles - 	Entry: C:\Users\MOHAMMED\.p2\pool\plugins\org.eclipse.m2e.maven.runtime_3.8.701.20230209-1606\jars\maven-resolver-transport-wagon-1.6.3.jar
2023-05-15 21:16:30,405 [Worker-23: Launching mavenrun-57bb8c49-d621-4d20-a874-38b1d8f6e2e7] INFO  o.eclipse.m2e.core.internal.Bundles - 	Entry: C:\Users\MOHAMMED\.p2\pool\plugins\org.eclipse.m2e.maven.runtime_3.8.701.20230209-1606\jars\maven-resolver-util-1.6.3.jar
2023-05-15 21:16:30,405 [Worker-23: Launching mavenrun-57bb8c49-d621-4d20-a874-38b1d8f6e2e7] INFO  o.eclipse.m2e.core.internal.Bundles - 	Entry: C:\Users\MOHAMMED\.p2\pool\plugins\org.eclipse.m2e.maven.runtime_3.8.701.20230209-1606\jars\maven-settings-3.8.7.jar
2023-05-15 21:16:30,406 [Worker-23: Launching mavenrun-57bb8c49-d621-4d20-a874-38b1d8f6e2e7] INFO  o.eclipse.m2e.core.internal.Bundles - 	Entry: C:\Users\MOHAMMED\.p2\pool\plugins\org.eclipse.m2e.maven.runtime_3.8.701.20230209-1606\jars\maven-settings-builder-3.8.7.jar
2023-05-15 21:16:30,407 [Worker-23: Launching mavenrun-57bb8c49-d621-4d20-a874-38b1d8f6e2e7] INFO  o.eclipse.m2e.core.internal.Bundles - 	Entry: C:\Users\MOHAMMED\.p2\pool\plugins\org.eclipse.m2e.maven.runtime_3.8.701.20230209-1606\jars\maven-shared-utils-3.3.4.jar
2023-05-15 21:16:30,407 [Worker-23: Launching mavenrun-57bb8c49-d621-4d20-a874-38b1d8f6e2e7] INFO  o.eclipse.m2e.core.internal.Bundles - 	Entry: C:\Users\MOHAMMED\.p2\pool\plugins\org.eclipse.m2e.maven.runtime_3.8.701.20230209-1606\jars\okhttp-3.14.1.jar
2023-05-15 21:16:30,407 [Worker-23: Launching mavenrun-57bb8c49-d621-4d20-a874-38b1d8f6e2e7] INFO  o.eclipse.m2e.core.internal.Bundles - 	Entry: C:\Users\MOHAMMED\.p2\pool\plugins\org.eclipse.m2e.maven.runtime_3.8.701.20230209-1606\jars\okio-1.17.3.jar
2023-05-15 21:16:30,407 [Worker-23: Launching mavenrun-57bb8c49-d621-4d20-a874-38b1d8f6e2e7] INFO  o.eclipse.m2e.core.internal.Bundles - 	Entry: C:\Users\MOHAMMED\.p2\pool\plugins\org.eclipse.m2e.maven.runtime_3.8.701.20230209-1606\jars\org.eclipse.sisu.inject-0.3.5.jar
2023-05-15 21:16:30,407 [Worker-23: Launching mavenrun-57bb8c49-d621-4d20-a874-38b1d8f6e2e7] INFO  o.eclipse.m2e.core.internal.Bundles - 	Entry: C:\Users\MOHAMMED\.p2\pool\plugins\org.eclipse.m2e.maven.runtime_3.8.701.20230209-1606\jars\org.eclipse.sisu.plexus-0.3.5.jar
2023-05-15 21:16:30,407 [Worker-23: Launching mavenrun-57bb8c49-d621-4d20-a874-38b1d8f6e2e7] INFO  o.eclipse.m2e.core.internal.Bundles - 	Entry: C:\Users\MOHAMMED\.p2\pool\plugins\org.eclipse.m2e.maven.runtime_3.8.701.20230209-1606\jars\plexus-build-api-0.0.7.jar
2023-05-15 21:16:30,407 [Worker-23: Launching mavenrun-57bb8c49-d621-4d20-a874-38b1d8f6e2e7] INFO  o.eclipse.m2e.core.internal.Bundles - 	Entry: C:\Users\MOHAMMED\.p2\pool\plugins\org.eclipse.m2e.maven.runtime_3.8.701.20230209-1606\jars\plexus-cipher-2.0.jar
2023-05-15 21:16:30,407 [Worker-23: Launching mavenrun-57bb8c49-d621-4d20-a874-38b1d8f6e2e7] INFO  o.eclipse.m2e.core.internal.Bundles - 	Entry: C:\Users\MOHAMMED\.p2\pool\plugins\org.eclipse.m2e.maven.runtime_3.8.701.20230209-1606\jars\plexus-classworlds-2.6.0.jar
2023-05-15 21:16:30,407 [Worker-23: Launching mavenrun-57bb8c49-d621-4d20-a874-38b1d8f6e2e7] INFO  o.eclipse.m2e.core.internal.Bundles - 	Entry: C:\Users\MOHAMMED\.p2\pool\plugins\org.eclipse.m2e.maven.runtime_3.8.701.20230209-1606\jars\plexus-component-annotations-2.1.0.jar
2023-05-15 21:16:30,407 [Worker-23: Launching mavenrun-57bb8c49-d621-4d20-a874-38b1d8f6e2e7] INFO  o.eclipse.m2e.core.internal.Bundles - 	Entry: C:\Users\MOHAMMED\.p2\pool\plugins\org.eclipse.m2e.maven.runtime_3.8.701.20230209-1606\jars\plexus-interpolation-1.26.jar
2023-05-15 21:16:30,407 [Worker-23: Launching mavenrun-57bb8c49-d621-4d20-a874-38b1d8f6e2e7] INFO  o.eclipse.m2e.core.internal.Bundles - 	Entry: C:\Users\MOHAMMED\.p2\pool\plugins\org.eclipse.m2e.maven.runtime_3.8.701.20230209-1606\jars\plexus-sec-dispatcher-2.0.jar
2023-05-15 21:16:30,408 [Worker-23: Launching mavenrun-57bb8c49-d621-4d20-a874-38b1d8f6e2e7] INFO  o.eclipse.m2e.core.internal.Bundles - 	Entry: C:\Users\MOHAMMED\.p2\pool\plugins\org.eclipse.m2e.maven.runtime_3.8.701.20230209-1606\jars\plexus-utils-3.3.1.jar
2023-05-15 21:16:30,408 [Worker-23: Launching mavenrun-57bb8c49-d621-4d20-a874-38b1d8f6e2e7] INFO  o.eclipse.m2e.core.internal.Bundles - 	Entry: C:\Users\MOHAMMED\.p2\pool\plugins\org.eclipse.m2e.maven.runtime_3.8.701.20230209-1606\jars\wagon-file-3.5.3.jar
2023-05-15 21:16:30,408 [Worker-23: Launching mavenrun-57bb8c49-d621-4d20-a874-38b1d8f6e2e7] INFO  o.eclipse.m2e.core.internal.Bundles - 	Entry: C:\Users\MOHAMMED\.p2\pool\plugins\org.eclipse.m2e.maven.runtime_3.8.701.20230209-1606\jars\wagon-provider-api-3.5.3.jar
2023-05-15 21:16:30,409 [Worker-23: Launching mavenrun-57bb8c49-d621-4d20-a874-38b1d8f6e2e7] INFO  o.eclipse.m2e.core.internal.Bundles - getClasspathEntries(Bundle=com.google.guava_31.1.0.jre [9])
2023-05-15 21:16:30,410 [Worker-23: Launching mavenrun-57bb8c49-d621-4d20-a874-38b1d8f6e2e7] INFO  o.eclipse.m2e.core.internal.Bundles - 	Entry: C:\Users\MOHAMMED\.p2\pool\plugins\com.google.guava_31.1.0.jre.jar
2023-05-15 21:16:30,410 [Worker-23: Launching mavenrun-57bb8c49-d621-4d20-a874-38b1d8f6e2e7] INFO  o.eclipse.m2e.core.internal.Bundles - getClasspathEntries(Bundle=slf4j.api_1.7.36 [441])
2023-05-15 21:16:30,411 [Worker-23: Launching mavenrun-57bb8c49-d621-4d20-a874-38b1d8f6e2e7] INFO  o.eclipse.m2e.core.internal.Bundles - 	Entry: C:\Users\MOHAMMED\.p2\pool\plugins\slf4j.api_1.7.36.jar
2023-05-15 21:16:30,411 [Worker-23: Launching mavenrun-57bb8c49-d621-4d20-a874-38b1d8f6e2e7] INFO  o.eclipse.m2e.core.internal.Bundles - getClasspathEntries(Bundle=javax.inject_1.0.0.v20220405-0441 [21])
2023-05-15 21:16:30,413 [Worker-23: Launching mavenrun-57bb8c49-d621-4d20-a874-38b1d8f6e2e7] INFO  o.eclipse.m2e.core.internal.Bundles - 	Entry: C:\Users\MOHAMMED\.p2\pool\plugins\javax.inject_1.0.0.v20220405-0441.jar
2023-05-15 21:16:30,413 [Worker-23: Launching mavenrun-57bb8c49-d621-4d20-a874-38b1d8f6e2e7] INFO  o.eclipse.m2e.core.internal.Bundles - getClasspathEntries(Bundle=javax.annotation_1.3.5.v20221203-1659 [19])
2023-05-15 21:16:30,413 [Worker-23: Launching mavenrun-57bb8c49-d621-4d20-a874-38b1d8f6e2e7] INFO  o.eclipse.m2e.core.internal.Bundles - 	Entry: C:\Users\MOHAMMED\.p2\pool\plugins\javax.annotation_1.3.5.v20221203-1659.jar
2023-05-15 21:16:30,413 [Worker-23: Launching mavenrun-57bb8c49-d621-4d20-a874-38b1d8f6e2e7] INFO  o.eclipse.m2e.core.internal.Bundles - getClasspathEntries(Bundle=org.apache.commons.cli_1.4.0.v20221112-0806 [41])
2023-05-15 21:16:30,414 [Worker-23: Launching mavenrun-57bb8c49-d621-4d20-a874-38b1d8f6e2e7] INFO  o.eclipse.m2e.core.internal.Bundles - 	Entry: C:\Users\MOHAMMED\.p2\pool\plugins\org.apache.commons.cli_1.4.0.v20221112-0806.jar
2023-05-15 21:16:30,414 [Worker-23: Launching mavenrun-57bb8c49-d621-4d20-a874-38b1d8f6e2e7] INFO  o.eclipse.m2e.core.internal.Bundles - getClasspathEntries(Bundle=com.google.guava.failureaccess_1.0.1 [11])
2023-05-15 21:16:30,415 [Worker-23: Launching mavenrun-57bb8c49-d621-4d20-a874-38b1d8f6e2e7] INFO  o.eclipse.m2e.core.internal.Bundles - 	Entry: C:\Users\MOHAMMED\.p2\pool\plugins\com.google.guava.failureaccess_1.0.1.jar
2023-05-15 21:16:30,462 [Worker-23: Launching mavenrun-57bb8c49-d621-4d20-a874-38b1d8f6e2e7] INFO  o.e.m.i.launch.MavenLaunchDelegate - Run build in "C:\Users\MOHAMMED\AppData\Local\Temp\m2e-archetypeGenerator9213458463389926095":
2023-05-15 21:16:30,495 [Worker-23: Launching mavenrun-57bb8c49-d621-4d20-a874-38b1d8f6e2e7] INFO  o.e.m.i.launch.MavenLaunchDelegate -  mvn  -DarchetypeGroupId=org.apache.maven.archetypes -DarchetypeArtifactId=maven-archetype-quickstart -DarchetypeVersion=1.1 -DgroupId=Automation -DartifactId=AutomationExercise -Dversion=0.0.1-SNAPSHOT -Dpackage=Automation.AutomationExercise -DoutputDirectory=C:\Users\MOHAMMED\eclipse-workspace\smart_Tech -Dstyle.color=always -U archetype:generate
2023-05-15 21:18:05,713 [Worker-26: Launching mavenrun-cff511a1-2c40-4c33-b16f-1d8c343c6aac] INFO  o.e.m.i.launch.MavenLaunchDelegate - Run build in "C:\Users\MOHAMMED\AppData\Local\Temp\m2e-archetypeGenerator1656095945407097814":
2023-05-15 21:18:05,714 [Worker-26: Launching mavenrun-cff511a1-2c40-4c33-b16f-1d8c343c6aac] INFO  o.e.m.i.launch.MavenLaunchDelegate -  mvn  -DarchetypeGroupId=org.apache.maven.archetypes -DarchetypeArtifactId=maven-archetype-quickstart -DarchetypeVersion=1.1 -DgroupId=Automation -DartifactId=Exercise -Dversion=0.0.1-SNAPSHOT -Dpackage=Automation.Exercise -DoutputDirectory=C:\Users\MOHAMMED\eclipse-workspace\smart_Tech -Dstyle.color=always -U archetype:generate
2023-05-15 21:21:08,264 [Worker-18: Launching mavenrun-1a03137d-d50f-4865-b5fd-b1e91300f4e4] INFO  o.eclipse.m2e.core.internal.Bundles - getClasspathEntries(Bundle=org.eclipse.m2e.maven.runtime_3.8.701.20230209-1606 [273])
2023-05-15 21:21:08,273 [Worker-18: Launching mavenrun-1a03137d-d50f-4865-b5fd-b1e91300f4e4] INFO  o.eclipse.m2e.core.internal.Bundles - 	Entry: C:\Users\MOHAMMED\.p2\pool\plugins\org.eclipse.m2e.maven.runtime_3.8.701.20230209-1606
2023-05-15 21:21:08,274 [Worker-18: Launching mavenrun-1a03137d-d50f-4865-b5fd-b1e91300f4e4] INFO  o.eclipse.m2e.core.internal.Bundles - 	Entry: C:\Users\MOHAMMED\.p2\pool\plugins\org.eclipse.m2e.maven.runtime_3.8.701.20230209-1606\jars\aether-connector-okhttp-0.17.8.jar
2023-05-15 21:21:08,274 [Worker-18: Launching mavenrun-1a03137d-d50f-4865-b5fd-b1e91300f4e4] INFO  o.eclipse.m2e.core.internal.Bundles - 	Entry: C:\Users\MOHAMMED\.p2\pool\plugins\org.eclipse.m2e.maven.runtime_3.8.701.20230209-1606\jars\commons-lang3-3.8.1.jar
2023-05-15 21:21:08,275 [Worker-18: Launching mavenrun-1a03137d-d50f-4865-b5fd-b1e91300f4e4] INFO  o.eclipse.m2e.core.internal.Bundles - 	Entry: C:\Users\MOHAMMED\.p2\pool\plugins\org.eclipse.m2e.maven.runtime_3.8.701.20230209-1606\jars\guice-4.2.2-no_aop.jar
2023-05-15 21:21:08,275 [Worker-18: Launching mavenrun-1a03137d-d50f-4865-b5fd-b1e91300f4e4] INFO  o.eclipse.m2e.core.internal.Bundles - 	Entry: C:\Users\MOHAMMED\.p2\pool\plugins\org.eclipse.m2e.maven.runtime_3.8.701.20230209-1606\jars\jansi-2.4.0.jar
2023-05-15 21:21:08,276 [Worker-18: Launching mavenrun-1a03137d-d50f-4865-b5fd-b1e91300f4e4] INFO  o.eclipse.m2e.core.internal.Bundles - 	Entry: C:\Users\MOHAMMED\.p2\pool\plugins\org.eclipse.m2e.maven.runtime_3.8.701.20230209-1606\jars\maven-artifact-3.8.7.jar
2023-05-15 21:21:08,276 [Worker-18: Launching mavenrun-1a03137d-d50f-4865-b5fd-b1e91300f4e4] INFO  o.eclipse.m2e.core.internal.Bundles - 	Entry: C:\Users\MOHAMMED\.p2\pool\plugins\org.eclipse.m2e.maven.runtime_3.8.701.20230209-1606\jars\maven-builder-support-3.8.7.jar
2023-05-15 21:21:08,276 [Worker-18: Launching mavenrun-1a03137d-d50f-4865-b5fd-b1e91300f4e4] INFO  o.eclipse.m2e.core.internal.Bundles - 	Entry: C:\Users\MOHAMMED\.p2\pool\plugins\org.eclipse.m2e.maven.runtime_3.8.701.20230209-1606\jars\maven-compat-3.8.7.jar
2023-05-15 21:21:08,277 [Worker-18: Launching mavenrun-1a03137d-d50f-4865-b5fd-b1e91300f4e4] INFO  o.eclipse.m2e.core.internal.Bundles - 	Entry: C:\Users\MOHAMMED\.p2\pool\plugins\org.eclipse.m2e.maven.runtime_3.8.701.20230209-1606\jars\maven-core-3.8.7.jar
2023-05-15 21:21:08,277 [Worker-18: Launching mavenrun-1a03137d-d50f-4865-b5fd-b1e91300f4e4] INFO  o.eclipse.m2e.core.internal.Bundles - 	Entry: C:\Users\MOHAMMED\.p2\pool\plugins\org.eclipse.m2e.maven.runtime_3.8.701.20230209-1606\jars\maven-embedder-3.8.7.jar
2023-05-15 21:21:08,277 [Worker-18: Launching mavenrun-1a03137d-d50f-4865-b5fd-b1e91300f4e4] INFO  o.eclipse.m2e.core.internal.Bundles - 	Entry: C:\Users\MOHAMMED\.p2\pool\plugins\org.eclipse.m2e.maven.runtime_3.8.701.20230209-1606\jars\maven-model-3.8.7.jar
2023-05-15 21:21:08,277 [Worker-18: Launching mavenrun-1a03137d-d50f-4865-b5fd-b1e91300f4e4] INFO  o.eclipse.m2e.core.internal.Bundles - 	Entry: C:\Users\MOHAMMED\.p2\pool\plugins\org.eclipse.m2e.maven.runtime_3.8.701.20230209-1606\jars\maven-model-builder-3.8.7.jar
2023-05-15 21:21:08,278 [Worker-18: Launching mavenrun-1a03137d-d50f-4865-b5fd-b1e91300f4e4] INFO  o.eclipse.m2e.core.internal.Bundles - 	Entry: C:\Users\MOHAMMED\.p2\pool\plugins\org.eclipse.m2e.maven.runtime_3.8.701.20230209-1606\jars\maven-plugin-api-3.8.7.jar
2023-05-15 21:21:08,278 [Worker-18: Launching mavenrun-1a03137d-d50f-4865-b5fd-b1e91300f4e4] INFO  o.eclipse.m2e.core.internal.Bundles - 	Entry: C:\Users\MOHAMMED\.p2\pool\plugins\org.eclipse.m2e.maven.runtime_3.8.701.20230209-1606\jars\maven-repository-metadata-3.8.7.jar
2023-05-15 21:21:08,278 [Worker-18: Launching mavenrun-1a03137d-d50f-4865-b5fd-b1e91300f4e4] INFO  o.eclipse.m2e.core.internal.Bundles - 	Entry: C:\Users\MOHAMMED\.p2\pool\plugins\org.eclipse.m2e.maven.runtime_3.8.701.20230209-1606\jars\maven-resolver-api-1.6.3.jar
2023-05-15 21:21:08,279 [Worker-18: Launching mavenrun-1a03137d-d50f-4865-b5fd-b1e91300f4e4] INFO  o.eclipse.m2e.core.internal.Bundles - 	Entry: C:\Users\MOHAMMED\.p2\pool\plugins\org.eclipse.m2e.maven.runtime_3.8.701.20230209-1606\jars\maven-resolver-connector-basic-1.6.3.jar
2023-05-15 21:21:08,279 [Worker-18: Launching mavenrun-1a03137d-d50f-4865-b5fd-b1e91300f4e4] INFO  o.eclipse.m2e.core.internal.Bundles - 	Entry: C:\Users\MOHAMMED\.p2\pool\plugins\org.eclipse.m2e.maven.runtime_3.8.701.20230209-1606\jars\maven-resolver-impl-1.6.3.jar
2023-05-15 21:21:08,279 [Worker-18: Launching mavenrun-1a03137d-d50f-4865-b5fd-b1e91300f4e4] INFO  o.eclipse.m2e.core.internal.Bundles - 	Entry: C:\Users\MOHAMMED\.p2\pool\plugins\org.eclipse.m2e.maven.runtime_3.8.701.20230209-1606\jars\maven-resolver-provider-3.8.7.jar
2023-05-15 21:21:08,279 [Worker-18: Launching mavenrun-1a03137d-d50f-4865-b5fd-b1e91300f4e4] INFO  o.eclipse.m2e.core.internal.Bundles - 	Entry: C:\Users\MOHAMMED\.p2\pool\plugins\org.eclipse.m2e.maven.runtime_3.8.701.20230209-1606\jars\maven-resolver-spi-1.6.3.jar
2023-05-15 21:21:08,279 [Worker-18: Launching mavenrun-1a03137d-d50f-4865-b5fd-b1e91300f4e4] INFO  o.eclipse.m2e.core.internal.Bundles - 	Entry: C:\Users\MOHAMMED\.p2\pool\plugins\org.eclipse.m2e.maven.runtime_3.8.701.20230209-1606\jars\maven-resolver-transport-wagon-1.6.3.jar
2023-05-15 21:21:08,280 [Worker-18: Launching mavenrun-1a03137d-d50f-4865-b5fd-b1e91300f4e4] INFO  o.eclipse.m2e.core.internal.Bundles - 	Entry: C:\Users\MOHAMMED\.p2\pool\plugins\org.eclipse.m2e.maven.runtime_3.8.701.20230209-1606\jars\maven-resolver-util-1.6.3.jar
2023-05-15 21:21:08,280 [Worker-18: Launching mavenrun-1a03137d-d50f-4865-b5fd-b1e91300f4e4] INFO  o.eclipse.m2e.core.internal.Bundles - 	Entry: C:\Users\MOHAMMED\.p2\pool\plugins\org.eclipse.m2e.maven.runtime_3.8.701.20230209-1606\jars\maven-settings-3.8.7.jar
2023-05-15 21:21:08,280 [Worker-18: Launching mavenrun-1a03137d-d50f-4865-b5fd-b1e91300f4e4] INFO  o.eclipse.m2e.core.internal.Bundles - 	Entry: C:\Users\MOHAMMED\.p2\pool\plugins\org.eclipse.m2e.maven.runtime_3.8.701.20230209-1606\jars\maven-settings-builder-3.8.7.jar
2023-05-15 21:21:08,280 [Worker-18: Launching mavenrun-1a03137d-d50f-4865-b5fd-b1e91300f4e4] INFO  o.eclipse.m2e.core.internal.Bundles - 	Entry: C:\Users\MOHAMMED\.p2\pool\plugins\org.eclipse.m2e.maven.runtime_3.8.701.20230209-1606\jars\maven-shared-utils-3.3.4.jar
2023-05-15 21:21:08,281 [Worker-18: Launching mavenrun-1a03137d-d50f-4865-b5fd-b1e91300f4e4] INFO  o.eclipse.m2e.core.internal.Bundles - 	Entry: C:\Users\MOHAMMED\.p2\pool\plugins\org.eclipse.m2e.maven.runtime_3.8.701.20230209-1606\jars\okhttp-3.14.1.jar
2023-05-15 21:21:08,281 [Worker-18: Launching mavenrun-1a03137d-d50f-4865-b5fd-b1e91300f4e4] INFO  o.eclipse.m2e.core.internal.Bundles - 	Entry: C:\Users\MOHAMMED\.p2\pool\plugins\org.eclipse.m2e.maven.runtime_3.8.701.20230209-1606\jars\okio-1.17.3.jar
2023-05-15 21:21:08,281 [Worker-18: Launching mavenrun-1a03137d-d50f-4865-b5fd-b1e91300f4e4] INFO  o.eclipse.m2e.core.internal.Bundles - 	Entry: C:\Users\MOHAMMED\.p2\pool\plugins\org.eclipse.m2e.maven.runtime_3.8.701.20230209-1606\jars\org.eclipse.sisu.inject-0.3.5.jar
2023-05-15 21:21:08,281 [Worker-18: Launching mavenrun-1a03137d-d50f-4865-b5fd-b1e91300f4e4] INFO  o.eclipse.m2e.core.internal.Bundles - 	Entry: C:\Users\MOHAMMED\.p2\pool\plugins\org.eclipse.m2e.maven.runtime_3.8.701.20230209-1606\jars\org.eclipse.sisu.plexus-0.3.5.jar
2023-05-15 21:21:08,282 [Worker-18: Launching mavenrun-1a03137d-d50f-4865-b5fd-b1e91300f4e4] INFO  o.eclipse.m2e.core.internal.Bundles - 	Entry: C:\Users\MOHAMMED\.p2\pool\plugins\org.eclipse.m2e.maven.runtime_3.8.701.20230209-1606\jars\plexus-build-api-0.0.7.jar
2023-05-15 21:21:08,282 [Worker-18: Launching mavenrun-1a03137d-d50f-4865-b5fd-b1e91300f4e4] INFO  o.eclipse.m2e.core.internal.Bundles - 	Entry: C:\Users\MOHAMMED\.p2\pool\plugins\org.eclipse.m2e.maven.runtime_3.8.701.20230209-1606\jars\plexus-cipher-2.0.jar
2023-05-15 21:21:08,282 [Worker-18: Launching mavenrun-1a03137d-d50f-4865-b5fd-b1e91300f4e4] INFO  o.eclipse.m2e.core.internal.Bundles - 	Entry: C:\Users\MOHAMMED\.p2\pool\plugins\org.eclipse.m2e.maven.runtime_3.8.701.20230209-1606\jars\plexus-classworlds-2.6.0.jar
2023-05-15 21:21:08,283 [Worker-18: Launching mavenrun-1a03137d-d50f-4865-b5fd-b1e91300f4e4] INFO  o.eclipse.m2e.core.internal.Bundles - 	Entry: C:\Users\MOHAMMED\.p2\pool\plugins\org.eclipse.m2e.maven.runtime_3.8.701.20230209-1606\jars\plexus-component-annotations-2.1.0.jar
2023-05-15 21:21:08,283 [Worker-18: Launching mavenrun-1a03137d-d50f-4865-b5fd-b1e91300f4e4] INFO  o.eclipse.m2e.core.internal.Bundles - 	Entry: C:\Users\MOHAMMED\.p2\pool\plugins\org.eclipse.m2e.maven.runtime_3.8.701.20230209-1606\jars\plexus-interpolation-1.26.jar
2023-05-15 21:21:08,283 [Worker-18: Launching mavenrun-1a03137d-d50f-4865-b5fd-b1e91300f4e4] INFO  o.eclipse.m2e.core.internal.Bundles - 	Entry: C:\Users\MOHAMMED\.p2\pool\plugins\org.eclipse.m2e.maven.runtime_3.8.701.20230209-1606\jars\plexus-sec-dispatcher-2.0.jar
2023-05-15 21:21:08,284 [Worker-18: Launching mavenrun-1a03137d-d50f-4865-b5fd-b1e91300f4e4] INFO  o.eclipse.m2e.core.internal.Bundles - 	Entry: C:\Users\MOHAMMED\.p2\pool\plugins\org.eclipse.m2e.maven.runtime_3.8.701.20230209-1606\jars\plexus-utils-3.3.1.jar
2023-05-15 21:21:08,284 [Worker-18: Launching mavenrun-1a03137d-d50f-4865-b5fd-b1e91300f4e4] INFO  o.eclipse.m2e.core.internal.Bundles - 	Entry: C:\Users\MOHAMMED\.p2\pool\plugins\org.eclipse.m2e.maven.runtime_3.8.701.20230209-1606\jars\wagon-file-3.5.3.jar
2023-05-15 21:21:08,284 [Worker-18: Launching mavenrun-1a03137d-d50f-4865-b5fd-b1e91300f4e4] INFO  o.eclipse.m2e.core.internal.Bundles - 	Entry: C:\Users\MOHAMMED\.p2\pool\plugins\org.eclipse.m2e.maven.runtime_3.8.701.20230209-1606\jars\wagon-provider-api-3.5.3.jar
2023-05-15 21:21:08,286 [Worker-18: Launching mavenrun-1a03137d-d50f-4865-b5fd-b1e91300f4e4] INFO  o.eclipse.m2e.core.internal.Bundles - getClasspathEntries(Bundle=com.google.guava_31.1.0.jre [9])
2023-05-15 21:21:08,287 [Worker-18: Launching mavenrun-1a03137d-d50f-4865-b5fd-b1e91300f4e4] INFO  o.eclipse.m2e.core.internal.Bundles - 	Entry: C:\Users\MOHAMMED\.p2\pool\plugins\com.google.guava_31.1.0.jre.jar
2023-05-15 21:21:08,287 [Worker-18: Launching mavenrun-1a03137d-d50f-4865-b5fd-b1e91300f4e4] INFO  o.eclipse.m2e.core.internal.Bundles - getClasspathEntries(Bundle=slf4j.api_1.7.36 [441])
2023-05-15 21:21:08,288 [Worker-18: Launching mavenrun-1a03137d-d50f-4865-b5fd-b1e91300f4e4] INFO  o.eclipse.m2e.core.internal.Bundles - 	Entry: C:\Users\MOHAMMED\.p2\pool\plugins\slf4j.api_1.7.36.jar
2023-05-15 21:21:08,289 [Worker-18: Launching mavenrun-1a03137d-d50f-4865-b5fd-b1e91300f4e4] INFO  o.eclipse.m2e.core.internal.Bundles - getClasspathEntries(Bundle=javax.inject_1.0.0.v20220405-0441 [21])
2023-05-15 21:21:08,290 [Worker-18: Launching mavenrun-1a03137d-d50f-4865-b5fd-b1e91300f4e4] INFO  o.eclipse.m2e.core.internal.Bundles - 	Entry: C:\Users\MOHAMMED\.p2\pool\plugins\javax.inject_1.0.0.v20220405-0441.jar
2023-05-15 21:21:08,290 [Worker-18: Launching mavenrun-1a03137d-d50f-4865-b5fd-b1e91300f4e4] INFO  o.eclipse.m2e.core.internal.Bundles - getClasspathEntries(Bundle=javax.annotation_1.3.5.v20221203-1659 [19])
2023-05-15 21:21:08,292 [Worker-18: Launching mavenrun-1a03137d-d50f-4865-b5fd-b1e91300f4e4] INFO  o.eclipse.m2e.core.internal.Bundles - 	Entry: C:\Users\MOHAMMED\.p2\pool\plugins\javax.annotation_1.3.5.v20221203-1659.jar
2023-05-15 21:21:08,292 [Worker-18: Launching mavenrun-1a03137d-d50f-4865-b5fd-b1e91300f4e4] INFO  o.eclipse.m2e.core.internal.Bundles - getClasspathEntries(Bundle=org.apache.commons.cli_1.4.0.v20221112-0806 [41])
2023-05-15 21:21:08,293 [Worker-18: Launching mavenrun-1a03137d-d50f-4865-b5fd-b1e91300f4e4] INFO  o.eclipse.m2e.core.internal.Bundles - 	Entry: C:\Users\MOHAMMED\.p2\pool\plugins\org.apache.commons.cli_1.4.0.v20221112-0806.jar
2023-05-15 21:21:08,293 [Worker-18: Launching mavenrun-1a03137d-d50f-4865-b5fd-b1e91300f4e4] INFO  o.eclipse.m2e.core.internal.Bundles - getClasspathEntries(Bundle=com.google.guava.failureaccess_1.0.1 [11])
2023-05-15 21:21:08,294 [Worker-18: Launching mavenrun-1a03137d-d50f-4865-b5fd-b1e91300f4e4] INFO  o.eclipse.m2e.core.internal.Bundles - 	Entry: C:\Users\MOHAMMED\.p2\pool\plugins\com.google.guava.failureaccess_1.0.1.jar
2023-05-15 21:21:08,304 [Worker-18: Launching mavenrun-1a03137d-d50f-4865-b5fd-b1e91300f4e4] INFO  o.e.m.i.launch.MavenLaunchDelegate - Run build in "C:\Users\MOHAMMED\AppData\Local\Temp\m2e-archetypeGenerator8449625239508295896":
2023-05-15 21:21:08,309 [Worker-18: Launching mavenrun-1a03137d-d50f-4865-b5fd-b1e91300f4e4] INFO  o.e.m.i.launch.MavenLaunchDelegate -  mvn  -DarchetypeGroupId=org.apache.maven.archetypes -DarchetypeArtifactId=maven-archetype-quickstart -DarchetypeVersion=1.1 -DgroupId=automation -DartifactId=start -Dversion=0.0.1-SNAPSHOT -Dpackage=automation.start -DoutputDirectory=C:\Users\MOHAMMED\Desktop -Dstyle.color=always -U archetype:generate
2023-05-15 21:21:08,706 [Worker-13: Loading available Gradle versions] INFO  o.e.b.c.i.u.g.PublishedGradleVersions - Gradle version information cache is out-of-date. Trying to update.
2023-05-15 21:21:08,819 [Worker-13: Loading available Gradle versions] INFO  o.e.b.c.i.u.g.PublishedGradleVersions - Updating Gradle version information cache failed. Using outdated cache.
2023-05-17 14:34:50,712 [Worker-4: Creating project "smart_Tech"] INFO  o.e.m.c.i.l.LifecycleMappingFactory - Using org.eclipse.m2e.jdt.JarLifecycleMapping lifecycle mapping for MavenProject: com.usa.login:smart_Tech:0.0.1-SNAPSHOT @ C:\Users\MOHAMMED\eclipse-workspace\smart_Tech\smart_Tech\pom.xml.
2023-05-17 14:34:53,518 [Worker-4: Creating project "smart_Tech"] INFO  o.e.m.j.i.AbstractJavaProjectConfigurator - Adding source folder /smart_Tech/src/main/java
2023-05-17 14:34:53,534 [Worker-4: Creating project "smart_Tech"] INFO  o.e.m.j.i.AbstractJavaProjectConfigurator - Adding resource folder /smart_Tech/src/main/resources
2023-05-17 14:34:53,535 [Worker-4: Creating project "smart_Tech"] INFO  o.e.m.j.i.AbstractJavaProjectConfigurator - Adding source folder /smart_Tech/src/test/java
2023-05-17 14:34:53,535 [Worker-4: Creating project "smart_Tech"] INFO  o.e.m.j.i.AbstractJavaProjectConfigurator - Adding resource folder /smart_Tech/src/test/resources
2023-05-17 14:34:55,851 [Worker-10: Building] WARN  o.e.m.c.i.embedder.EclipseLogger - Using platform encoding (Cp1252 actually) to copy filtered resources, i.e. build is platform dependent!
2023-05-17 14:34:55,898 [Worker-10: Building] INFO  o.e.m.c.i.embedder.EclipseLogger - Copying 0 resource
2023-05-17 14:34:55,903 [Worker-10: Building] WARN  o.e.m.c.i.embedder.EclipseLogger - Using platform encoding (Cp1252 actually) to copy filtered resources, i.e. build is platform dependent!
2023-05-17 14:34:55,904 [Worker-10: Building] INFO  o.e.m.c.i.embedder.EclipseLogger - Copying 0 resource
2023-05-17 14:35:27,356 [Worker-4: Loading available Gradle versions] INFO  o.e.b.c.i.u.g.PublishedGradleVersions - Gradle version information cache is out-of-date. Trying to update.
2023-05-17 14:40:02,221 [Worker-7: Launching Executing clean in C__Users_MOHAMMED_eclipse-workspace_smart_Tech_smart_Tech] INFO  o.eclipse.m2e.core.internal.Bundles - getClasspathEntries(Bundle=org.eclipse.m2e.maven.runtime_3.8.701.20230209-1606 [273])
2023-05-17 14:40:02,285 [Worker-7: Launching Executing clean in C__Users_MOHAMMED_eclipse-workspace_smart_Tech_smart_Tech] INFO  o.eclipse.m2e.core.internal.Bundles - 	Entry: C:\Users\MOHAMMED\.p2\pool\plugins\org.eclipse.m2e.maven.runtime_3.8.701.20230209-1606
2023-05-17 14:40:02,285 [Worker-7: Launching Executing clean in C__Users_MOHAMMED_eclipse-workspace_smart_Tech_smart_Tech] INFO  o.eclipse.m2e.core.internal.Bundles - 	Entry: C:\Users\MOHAMMED\.p2\pool\plugins\org.eclipse.m2e.maven.runtime_3.8.701.20230209-1606\jars\aether-connector-okhttp-0.17.8.jar
2023-05-17 14:40:02,285 [Worker-7: Launching Executing clean in C__Users_MOHAMMED_eclipse-workspace_smart_Tech_smart_Tech] INFO  o.eclipse.m2e.core.internal.Bundles - 	Entry: C:\Users\MOHAMMED\.p2\pool\plugins\org.eclipse.m2e.maven.runtime_3.8.701.20230209-1606\jars\commons-lang3-3.8.1.jar
2023-05-17 14:40:02,287 [Worker-7: Launching Executing clean in C__Users_MOHAMMED_eclipse-workspace_smart_Tech_smart_Tech] INFO  o.eclipse.m2e.core.internal.Bundles - 	Entry: C:\Users\MOHAMMED\.p2\pool\plugins\org.eclipse.m2e.maven.runtime_3.8.701.20230209-1606\jars\guice-4.2.2-no_aop.jar
2023-05-17 14:40:02,287 [Worker-7: Launching Executing clean in C__Users_MOHAMMED_eclipse-workspace_smart_Tech_smart_Tech] INFO  o.eclipse.m2e.core.internal.Bundles - 	Entry: C:\Users\MOHAMMED\.p2\pool\plugins\org.eclipse.m2e.maven.runtime_3.8.701.20230209-1606\jars\jansi-2.4.0.jar
2023-05-17 14:40:02,287 [Worker-7: Launching Executing clean in C__Users_MOHAMMED_eclipse-workspace_smart_Tech_smart_Tech] INFO  o.eclipse.m2e.core.internal.Bundles - 	Entry: C:\Users\MOHAMMED\.p2\pool\plugins\org.eclipse.m2e.maven.runtime_3.8.701.20230209-1606\jars\maven-artifact-3.8.7.jar
2023-05-17 14:40:02,287 [Worker-7: Launching Executing clean in C__Users_MOHAMMED_eclipse-workspace_smart_Tech_smart_Tech] INFO  o.eclipse.m2e.core.internal.Bundles - 	Entry: C:\Users\MOHAMMED\.p2\pool\plugins\org.eclipse.m2e.maven.runtime_3.8.701.20230209-1606\jars\maven-builder-support-3.8.7.jar
2023-05-17 14:40:02,288 [Worker-7: Launching Executing clean in C__Users_MOHAMMED_eclipse-workspace_smart_Tech_smart_Tech] INFO  o.eclipse.m2e.core.internal.Bundles - 	Entry: C:\Users\MOHAMMED\.p2\pool\plugins\org.eclipse.m2e.maven.runtime_3.8.701.20230209-1606\jars\maven-compat-3.8.7.jar
2023-05-17 14:40:02,288 [Worker-7: Launching Executing clean in C__Users_MOHAMMED_eclipse-workspace_smart_Tech_smart_Tech] INFO  o.eclipse.m2e.core.internal.Bundles - 	Entry: C:\Users\MOHAMMED\.p2\pool\plugins\org.eclipse.m2e.maven.runtime_3.8.701.20230209-1606\jars\maven-core-3.8.7.jar
2023-05-17 14:40:02,288 [Worker-7: Launching Executing clean in C__Users_MOHAMMED_eclipse-workspace_smart_Tech_smart_Tech] INFO  o.eclipse.m2e.core.internal.Bundles - 	Entry: C:\Users\MOHAMMED\.p2\pool\plugins\org.eclipse.m2e.maven.runtime_3.8.701.20230209-1606\jars\maven-embedder-3.8.7.jar
2023-05-17 14:40:02,289 [Worker-7: Launching Executing clean in C__Users_MOHAMMED_eclipse-workspace_smart_Tech_smart_Tech] INFO  o.eclipse.m2e.core.internal.Bundles - 	Entry: C:\Users\MOHAMMED\.p2\pool\plugins\org.eclipse.m2e.maven.runtime_3.8.701.20230209-1606\jars\maven-model-3.8.7.jar
2023-05-17 14:40:02,289 [Worker-7: Launching Executing clean in C__Users_MOHAMMED_eclipse-workspace_smart_Tech_smart_Tech] INFO  o.eclipse.m2e.core.internal.Bundles - 	Entry: C:\Users\MOHAMMED\.p2\pool\plugins\org.eclipse.m2e.maven.runtime_3.8.701.20230209-1606\jars\maven-model-builder-3.8.7.jar
2023-05-17 14:40:02,289 [Worker-7: Launching Executing clean in C__Users_MOHAMMED_eclipse-workspace_smart_Tech_smart_Tech] INFO  o.eclipse.m2e.core.internal.Bundles - 	Entry: C:\Users\MOHAMMED\.p2\pool\plugins\org.eclipse.m2e.maven.runtime_3.8.701.20230209-1606\jars\maven-plugin-api-3.8.7.jar
2023-05-17 14:40:02,290 [Worker-7: Launching Executing clean in C__Users_MOHAMMED_eclipse-workspace_smart_Tech_smart_Tech] INFO  o.eclipse.m2e.core.internal.Bundles - 	Entry: C:\Users\MOHAMMED\.p2\pool\plugins\org.eclipse.m2e.maven.runtime_3.8.701.20230209-1606\jars\maven-repository-metadata-3.8.7.jar
2023-05-17 14:40:02,290 [Worker-7: Launching Executing clean in C__Users_MOHAMMED_eclipse-workspace_smart_Tech_smart_Tech] INFO  o.eclipse.m2e.core.internal.Bundles - 	Entry: C:\Users\MOHAMMED\.p2\pool\plugins\org.eclipse.m2e.maven.runtime_3.8.701.20230209-1606\jars\maven-resolver-api-1.6.3.jar
2023-05-17 14:40:02,290 [Worker-7: Launching Executing clean in C__Users_MOHAMMED_eclipse-workspace_smart_Tech_smart_Tech] INFO  o.eclipse.m2e.core.internal.Bundles - 	Entry: C:\Users\MOHAMMED\.p2\pool\plugins\org.eclipse.m2e.maven.runtime_3.8.701.20230209-1606\jars\maven-resolver-connector-basic-1.6.3.jar
2023-05-17 14:40:02,290 [Worker-7: Launching Executing clean in C__Users_MOHAMMED_eclipse-workspace_smart_Tech_smart_Tech] INFO  o.eclipse.m2e.core.internal.Bundles - 	Entry: C:\Users\MOHAMMED\.p2\pool\plugins\org.eclipse.m2e.maven.runtime_3.8.701.20230209-1606\jars\maven-resolver-impl-1.6.3.jar
2023-05-17 14:40:02,291 [Worker-7: Launching Executing clean in C__Users_MOHAMMED_eclipse-workspace_smart_Tech_smart_Tech] INFO  o.eclipse.m2e.core.internal.Bundles - 	Entry: C:\Users\MOHAMMED\.p2\pool\plugins\org.eclipse.m2e.maven.runtime_3.8.701.20230209-1606\jars\maven-resolver-provider-3.8.7.jar
2023-05-17 14:40:02,292 [Worker-7: Launching Executing clean in C__Users_MOHAMMED_eclipse-workspace_smart_Tech_smart_Tech] INFO  o.eclipse.m2e.core.internal.Bundles - 	Entry: C:\Users\MOHAMMED\.p2\pool\plugins\org.eclipse.m2e.maven.runtime_3.8.701.20230209-1606\jars\maven-resolver-spi-1.6.3.jar
2023-05-17 14:40:02,292 [Worker-7: Launching Executing clean in C__Users_MOHAMMED_eclipse-workspace_smart_Tech_smart_Tech] INFO  o.eclipse.m2e.core.internal.Bundles - 	Entry: C:\Users\MOHAMMED\.p2\pool\plugins\org.eclipse.m2e.maven.runtime_3.8.701.20230209-1606\jars\maven-resolver-transport-wagon-1.6.3.jar
2023-05-17 14:40:02,292 [Worker-7: Launching Executing clean in C__Users_MOHAMMED_eclipse-workspace_smart_Tech_smart_Tech] INFO  o.eclipse.m2e.core.internal.Bundles - 	Entry: C:\Users\MOHAMMED\.p2\pool\plugins\org.eclipse.m2e.maven.runtime_3.8.701.20230209-1606\jars\maven-resolver-util-1.6.3.jar
2023-05-17 14:40:02,292 [Worker-7: Launching Executing clean in C__Users_MOHAMMED_eclipse-workspace_smart_Tech_smart_Tech] INFO  o.eclipse.m2e.core.internal.Bundles - 	Entry: C:\Users\MOHAMMED\.p2\pool\plugins\org.eclipse.m2e.maven.runtime_3.8.701.20230209-1606\jars\maven-settings-3.8.7.jar
2023-05-17 14:40:02,292 [Worker-7: Launching Executing clean in C__Users_MOHAMMED_eclipse-workspace_smart_Tech_smart_Tech] INFO  o.eclipse.m2e.core.internal.Bundles - 	Entry: C:\Users\MOHAMMED\.p2\pool\plugins\org.eclipse.m2e.maven.runtime_3.8.701.20230209-1606\jars\maven-settings-builder-3.8.7.jar
2023-05-17 14:40:02,294 [Worker-7: Launching Executing clean in C__Users_MOHAMMED_eclipse-workspace_smart_Tech_smart_Tech] INFO  o.eclipse.m2e.core.internal.Bundles - 	Entry: C:\Users\MOHAMMED\.p2\pool\plugins\org.eclipse.m2e.maven.runtime_3.8.701.20230209-1606\jars\maven-shared-utils-3.3.4.jar
2023-05-17 14:40:02,294 [Worker-7: Launching Executing clean in C__Users_MOHAMMED_eclipse-workspace_smart_Tech_smart_Tech] INFO  o.eclipse.m2e.core.internal.Bundles - 	Entry: C:\Users\MOHAMMED\.p2\pool\plugins\org.eclipse.m2e.maven.runtime_3.8.701.20230209-1606\jars\okhttp-3.14.1.jar
2023-05-17 14:40:02,294 [Worker-7: Launching Executing clean in C__Users_MOHAMMED_eclipse-workspace_smart_Tech_smart_Tech] INFO  o.eclipse.m2e.core.internal.Bundles - 	Entry: C:\Users\MOHAMMED\.p2\pool\plugins\org.eclipse.m2e.maven.runtime_3.8.701.20230209-1606\jars\okio-1.17.3.jar
2023-05-17 14:40:02,294 [Worker-7: Launching Executing clean in C__Users_MOHAMMED_eclipse-workspace_smart_Tech_smart_Tech] INFO  o.eclipse.m2e.core.internal.Bundles - 	Entry: C:\Users\MOHAMMED\.p2\pool\plugins\org.eclipse.m2e.maven.runtime_3.8.701.20230209-1606\jars\org.eclipse.sisu.inject-0.3.5.jar
2023-05-17 14:40:02,294 [Worker-7: Launching Executing clean in C__Users_MOHAMMED_eclipse-workspace_smart_Tech_smart_Tech] INFO  o.eclipse.m2e.core.internal.Bundles - 	Entry: C:\Users\MOHAMMED\.p2\pool\plugins\org.eclipse.m2e.maven.runtime_3.8.701.20230209-1606\jars\org.eclipse.sisu.plexus-0.3.5.jar
2023-05-17 14:40:02,294 [Worker-7: Launching Executing clean in C__Users_MOHAMMED_eclipse-workspace_smart_Tech_smart_Tech] INFO  o.eclipse.m2e.core.internal.Bundles - 	Entry: C:\Users\MOHAMMED\.p2\pool\plugins\org.eclipse.m2e.maven.runtime_3.8.701.20230209-1606\jars\plexus-build-api-0.0.7.jar
2023-05-17 14:40:02,294 [Worker-7: Launching Executing clean in C__Users_MOHAMMED_eclipse-workspace_smart_Tech_smart_Tech] INFO  o.eclipse.m2e.core.internal.Bundles - 	Entry: C:\Users\MOHAMMED\.p2\pool\plugins\org.eclipse.m2e.maven.runtime_3.8.701.20230209-1606\jars\plexus-cipher-2.0.jar
2023-05-17 14:40:02,294 [Worker-7: Launching Executing clean in C__Users_MOHAMMED_eclipse-workspace_smart_Tech_smart_Tech] INFO  o.eclipse.m2e.core.internal.Bundles - 	Entry: C:\Users\MOHAMMED\.p2\pool\plugins\org.eclipse.m2e.maven.runtime_3.8.701.20230209-1606\jars\plexus-classworlds-2.6.0.jar
2023-05-17 14:40:02,294 [Worker-7: Launching Executing clean in C__Users_MOHAMMED_eclipse-workspace_smart_Tech_smart_Tech] INFO  o.eclipse.m2e.core.internal.Bundles - 	Entry: C:\Users\MOHAMMED\.p2\pool\plugins\org.eclipse.m2e.maven.runtime_3.8.701.20230209-1606\jars\plexus-component-annotations-2.1.0.jar
2023-05-17 14:40:02,295 [Worker-7: Launching Executing clean in C__Users_MOHAMMED_eclipse-workspace_smart_Tech_smart_Tech] INFO  o.eclipse.m2e.core.internal.Bundles - 	Entry: C:\Users\MOHAMMED\.p2\pool\plugins\org.eclipse.m2e.maven.runtime_3.8.701.20230209-1606\jars\plexus-interpolation-1.26.jar
2023-05-17 14:40:02,295 [Worker-7: Launching Executing clean in C__Users_MOHAMMED_eclipse-workspace_smart_Tech_smart_Tech] INFO  o.eclipse.m2e.core.internal.Bundles - 	Entry: C:\Users\MOHAMMED\.p2\pool\plugins\org.eclipse.m2e.maven.runtime_3.8.701.20230209-1606\jars\plexus-sec-dispatcher-2.0.jar
2023-05-17 14:40:02,295 [Worker-7: Launching Executing clean in C__Users_MOHAMMED_eclipse-workspace_smart_Tech_smart_Tech] INFO  o.eclipse.m2e.core.internal.Bundles - 	Entry: C:\Users\MOHAMMED\.p2\pool\plugins\org.eclipse.m2e.maven.runtime_3.8.701.20230209-1606\jars\plexus-utils-3.3.1.jar
2023-05-17 14:40:02,295 [Worker-7: Launching Executing clean in C__Users_MOHAMMED_eclipse-workspace_smart_Tech_smart_Tech] INFO  o.eclipse.m2e.core.internal.Bundles - 	Entry: C:\Users\MOHAMMED\.p2\pool\plugins\org.eclipse.m2e.maven.runtime_3.8.701.20230209-1606\jars\wagon-file-3.5.3.jar
2023-05-17 14:40:02,296 [Worker-7: Launching Executing clean in C__Users_MOHAMMED_eclipse-workspace_smart_Tech_smart_Tech] INFO  o.eclipse.m2e.core.internal.Bundles - 	Entry: C:\Users\MOHAMMED\.p2\pool\plugins\org.eclipse.m2e.maven.runtime_3.8.701.20230209-1606\jars\wagon-provider-api-3.5.3.jar
2023-05-17 14:40:02,298 [Worker-7: Launching Executing clean in C__Users_MOHAMMED_eclipse-workspace_smart_Tech_smart_Tech] INFO  o.eclipse.m2e.core.internal.Bundles - getClasspathEntries(Bundle=com.google.guava_31.1.0.jre [9])
2023-05-17 14:40:02,299 [Worker-7: Launching Executing clean in C__Users_MOHAMMED_eclipse-workspace_smart_Tech_smart_Tech] INFO  o.eclipse.m2e.core.internal.Bundles - 	Entry: C:\Users\MOHAMMED\.p2\pool\plugins\com.google.guava_31.1.0.jre.jar
2023-05-17 14:40:02,299 [Worker-7: Launching Executing clean in C__Users_MOHAMMED_eclipse-workspace_smart_Tech_smart_Tech] INFO  o.eclipse.m2e.core.internal.Bundles - getClasspathEntries(Bundle=slf4j.api_1.7.36 [441])
2023-05-17 14:40:02,300 [Worker-7: Launching Executing clean in C__Users_MOHAMMED_eclipse-workspace_smart_Tech_smart_Tech] INFO  o.eclipse.m2e.core.internal.Bundles - 	Entry: C:\Users\MOHAMMED\.p2\pool\plugins\slf4j.api_1.7.36.jar
2023-05-17 14:40:02,300 [Worker-7: Launching Executing clean in C__Users_MOHAMMED_eclipse-workspace_smart_Tech_smart_Tech] INFO  o.eclipse.m2e.core.internal.Bundles - getClasspathEntries(Bundle=javax.inject_1.0.0.v20220405-0441 [21])
2023-05-17 14:40:02,301 [Worker-7: Launching Executing clean in C__Users_MOHAMMED_eclipse-workspace_smart_Tech_smart_Tech] INFO  o.eclipse.m2e.core.internal.Bundles - 	Entry: C:\Users\MOHAMMED\.p2\pool\plugins\javax.inject_1.0.0.v20220405-0441.jar
2023-05-17 14:40:02,301 [Worker-7: Launching Executing clean in C__Users_MOHAMMED_eclipse-workspace_smart_Tech_smart_Tech] INFO  o.eclipse.m2e.core.internal.Bundles - getClasspathEntries(Bundle=javax.annotation_1.3.5.v20221203-1659 [19])
2023-05-17 14:40:02,312 [Worker-7: Launching Executing clean in C__Users_MOHAMMED_eclipse-workspace_smart_Tech_smart_Tech] INFO  o.eclipse.m2e.core.internal.Bundles - 	Entry: C:\Users\MOHAMMED\.p2\pool\plugins\javax.annotation_1.3.5.v20221203-1659.jar
2023-05-17 14:40:02,313 [Worker-7: Launching Executing clean in C__Users_MOHAMMED_eclipse-workspace_smart_Tech_smart_Tech] INFO  o.eclipse.m2e.core.internal.Bundles - getClasspathEntries(Bundle=org.apache.commons.cli_1.4.0.v20221112-0806 [41])
2023-05-17 14:40:02,323 [Worker-7: Launching Executing clean in C__Users_MOHAMMED_eclipse-workspace_smart_Tech_smart_Tech] INFO  o.eclipse.m2e.core.internal.Bundles - 	Entry: C:\Users\MOHAMMED\.p2\pool\plugins\org.apache.commons.cli_1.4.0.v20221112-0806.jar
2023-05-17 14:40:02,323 [Worker-7: Launching Executing clean in C__Users_MOHAMMED_eclipse-workspace_smart_Tech_smart_Tech] INFO  o.eclipse.m2e.core.internal.Bundles - getClasspathEntries(Bundle=com.google.guava.failureaccess_1.0.1 [11])
2023-05-17 14:40:02,324 [Worker-7: Launching Executing clean in C__Users_MOHAMMED_eclipse-workspace_smart_Tech_smart_Tech] INFO  o.eclipse.m2e.core.internal.Bundles - 	Entry: C:\Users\MOHAMMED\.p2\pool\plugins\com.google.guava.failureaccess_1.0.1.jar
2023-05-17 14:40:02,347 [Worker-7: Launching Executing clean in C__Users_MOHAMMED_eclipse-workspace_smart_Tech_smart_Tech] INFO  o.e.m.i.launch.MavenLaunchDelegate - Run build in "C:\Users\MOHAMMED\eclipse-workspace\smart_Tech\smart_Tech":
2023-05-17 14:40:02,350 [Worker-7: Launching Executing clean in C__Users_MOHAMMED_eclipse-workspace_smart_Tech_smart_Tech] INFO  o.e.m.i.launch.MavenLaunchDelegate -  mvn  -B -Dstyle.color=always clean
2023-05-17 14:40:44,826 [Worker-27: Launching Executing install in C__Users_MOHAMMED_eclipse-workspace_smart_Tech_smart_Tech] INFO  o.e.m.i.launch.MavenLaunchDelegate - Run build in "C:\Users\MOHAMMED\eclipse-workspace\smart_Tech\smart_Tech":
2023-05-17 14:40:44,826 [Worker-27: Launching Executing install in C__Users_MOHAMMED_eclipse-workspace_smart_Tech_smart_Tech] INFO  o.e.m.i.launch.MavenLaunchDelegate -  mvn  -B -Dstyle.color=always install
2023-05-17 14:41:13,671 [Worker-26: Launching Executing install in C__Users_MOHAMMED_eclipse-workspace_smart_Tech_smart_Tech] INFO  o.e.m.i.launch.MavenLaunchDelegate - Run build in "C:\Users\MOHAMMED\eclipse-workspace\smart_Tech\smart_Tech":
2023-05-17 14:41:13,672 [Worker-26: Launching Executing install in C__Users_MOHAMMED_eclipse-workspace_smart_Tech_smart_Tech] INFO  o.e.m.i.launch.MavenLaunchDelegate -  mvn  -B -Dstyle.color=always install
2023-05-17 14:49:18,166 [Worker-28: Building] WARN  o.e.m.c.i.embedder.EclipseLogger - Using platform encoding (Cp1252 actually) to copy filtered resources, i.e. build is platform dependent!
2023-05-17 14:49:18,270 [Worker-28: Building] INFO  o.e.m.c.i.embedder.EclipseLogger - Copying 1 resource
2023-05-17 14:49:18,294 [Worker-28: Building] WARN  o.e.m.c.i.embedder.EclipseLogger - Using platform encoding (Cp1252 actually) to copy filtered resources, i.e. build is platform dependent!
2023-05-17 14:49:18,295 [Worker-28: Building] INFO  o.e.m.c.i.embedder.EclipseLogger - Copying 0 resource
2023-05-17 14:52:52,002 [Worker-7: Building] WARN  o.e.m.c.i.embedder.EclipseLogger - Using platform encoding (Cp1252 actually) to copy filtered resources, i.e. build is platform dependent!
2023-05-17 14:52:52,061 [Worker-7: Building] INFO  o.e.m.c.i.embedder.EclipseLogger - Copying 1 resource
2023-05-17 14:52:52,064 [Worker-7: Building] WARN  o.e.m.c.i.embedder.EclipseLogger - Using platform encoding (Cp1252 actually) to copy filtered resources, i.e. build is platform dependent!
2023-05-17 14:52:52,065 [Worker-7: Building] INFO  o.e.m.c.i.embedder.EclipseLogger - Copying 0 resource
2023-05-17 14:54:15,457 [Worker-32: Building] WARN  o.e.m.c.i.embedder.EclipseLogger - Using platform encoding (Cp1252 actually) to copy filtered resources, i.e. build is platform dependent!
2023-05-17 14:54:15,460 [Worker-32: Building] INFO  o.e.m.c.i.embedder.EclipseLogger - Copying 1 resource
2023-05-17 14:54:15,464 [Worker-32: Building] WARN  o.e.m.c.i.embedder.EclipseLogger - Using platform encoding (Cp1252 actually) to copy filtered resources, i.e. build is platform dependent!
2023-05-17 14:54:15,465 [Worker-32: Building] INFO  o.e.m.c.i.embedder.EclipseLogger - Copying 0 resource
2023-05-17 14:55:01,278 [Worker-28: Building] WARN  o.e.m.c.i.embedder.EclipseLogger - Using platform encoding (Cp1252 actually) to copy filtered resources, i.e. build is platform dependent!
2023-05-17 14:55:01,280 [Worker-28: Building] INFO  o.e.m.c.i.embedder.EclipseLogger - Copying 1 resource
2023-05-17 14:55:01,284 [Worker-28: Building] WARN  o.e.m.c.i.embedder.EclipseLogger - Using platform encoding (Cp1252 actually) to copy filtered resources, i.e. build is platform dependent!
2023-05-17 14:55:01,289 [Worker-28: Building] INFO  o.e.m.c.i.embedder.EclipseLogger - Copying 0 resource
2023-05-17 15:01:11,793 [Worker-34: Building] WARN  o.e.m.c.i.embedder.EclipseLogger - Using platform encoding (Cp1252 actually) to copy filtered resources, i.e. build is platform dependent!
2023-05-17 15:01:11,797 [Worker-34: Building] INFO  o.e.m.c.i.embedder.EclipseLogger - Copying 1 resource
2023-05-17 15:01:11,801 [Worker-34: Building] WARN  o.e.m.c.i.embedder.EclipseLogger - Using platform encoding (Cp1252 actually) to copy filtered resources, i.e. build is platform dependent!
2023-05-17 15:01:11,803 [Worker-34: Building] INFO  o.e.m.c.i.embedder.EclipseLogger - Copying 0 resource
2023-05-17 15:03:18,697 [Worker-33: Building] WARN  o.e.m.c.i.embedder.EclipseLogger - Using platform encoding (Cp1252 actually) to copy filtered resources, i.e. build is platform dependent!
2023-05-17 15:03:18,700 [Worker-33: Building] INFO  o.e.m.c.i.embedder.EclipseLogger - Copying 1 resource
2023-05-17 15:03:18,706 [Worker-33: Building] WARN  o.e.m.c.i.embedder.EclipseLogger - Using platform encoding (Cp1252 actually) to copy filtered resources, i.e. build is platform dependent!
2023-05-17 15:03:18,707 [Worker-33: Building] INFO  o.e.m.c.i.embedder.EclipseLogger - Copying 0 resource
2023-05-17 15:05:47,748 [Worker-38: Building] WARN  o.e.m.c.i.embedder.EclipseLogger - Using platform encoding (Cp1252 actually) to copy filtered resources, i.e. build is platform dependent!
2023-05-17 15:05:47,753 [Worker-38: Building] INFO  o.e.m.c.i.embedder.EclipseLogger - Copying 1 resource
2023-05-17 15:05:47,757 [Worker-38: Building] WARN  o.e.m.c.i.embedder.EclipseLogger - Using platform encoding (Cp1252 actually) to copy filtered resources, i.e. build is platform dependent!
2023-05-17 15:05:47,759 [Worker-38: Building] INFO  o.e.m.c.i.embedder.EclipseLogger - Copying 0 resource
2023-05-17 15:10:56,620 [Worker-33: Building] WARN  o.e.m.c.i.embedder.EclipseLogger - Using platform encoding (Cp1252 actually) to copy filtered resources, i.e. build is platform dependent!
2023-05-17 15:10:56,623 [Worker-33: Building] INFO  o.e.m.c.i.embedder.EclipseLogger - Copying 1 resource
2023-05-17 15:10:56,629 [Worker-33: Building] WARN  o.e.m.c.i.embedder.EclipseLogger - Using platform encoding (Cp1252 actually) to copy filtered resources, i.e. build is platform dependent!
2023-05-17 15:10:56,630 [Worker-33: Building] INFO  o.e.m.c.i.embedder.EclipseLogger - Copying 0 resource
2023-05-17 15:15:22,607 [Worker-40: Building] WARN  o.e.m.c.i.embedder.EclipseLogger - Using platform encoding (Cp1252 actually) to copy filtered resources, i.e. build is platform dependent!
2023-05-17 15:15:22,609 [Worker-40: Building] INFO  o.e.m.c.i.embedder.EclipseLogger - Copying 1 resource
2023-05-17 15:15:22,614 [Worker-40: Building] WARN  o.e.m.c.i.embedder.EclipseLogger - Using platform encoding (Cp1252 actually) to copy filtered resources, i.e. build is platform dependent!
2023-05-17 15:15:22,615 [Worker-40: Building] INFO  o.e.m.c.i.embedder.EclipseLogger - Copying 0 resource
2023-05-17 15:16:11,275 [Worker-33: Building] WARN  o.e.m.c.i.embedder.EclipseLogger - Using platform encoding (Cp1252 actually) to copy filtered resources, i.e. build is platform dependent!
2023-05-17 15:16:11,277 [Worker-33: Building] INFO  o.e.m.c.i.embedder.EclipseLogger - Copying 1 resource
2023-05-17 15:16:11,281 [Worker-33: Building] WARN  o.e.m.c.i.embedder.EclipseLogger - Using platform encoding (Cp1252 actually) to copy filtered resources, i.e. build is platform dependent!
2023-05-17 15:16:11,282 [Worker-33: Building] INFO  o.e.m.c.i.embedder.EclipseLogger - Copying 0 resource
2023-05-17 15:18:09,186 [Worker-33: Building] WARN  o.e.m.c.i.embedder.EclipseLogger - Using platform encoding (Cp1252 actually) to copy filtered resources, i.e. build is platform dependent!
2023-05-17 15:18:09,189 [Worker-33: Building] INFO  o.e.m.c.i.embedder.EclipseLogger - Copying 1 resource
2023-05-17 15:18:09,193 [Worker-33: Building] WARN  o.e.m.c.i.embedder.EclipseLogger - Using platform encoding (Cp1252 actually) to copy filtered resources, i.e. build is platform dependent!
2023-05-17 15:18:09,194 [Worker-33: Building] INFO  o.e.m.c.i.embedder.EclipseLogger - Copying 0 resource
2023-05-17 15:19:29,973 [Worker-45: Building] WARN  o.e.m.c.i.embedder.EclipseLogger - Using platform encoding (Cp1252 actually) to copy filtered resources, i.e. build is platform dependent!
2023-05-17 15:19:29,977 [Worker-45: Building] INFO  o.e.m.c.i.embedder.EclipseLogger - Copying 1 resource
2023-05-17 15:19:29,981 [Worker-45: Building] WARN  o.e.m.c.i.embedder.EclipseLogger - Using platform encoding (Cp1252 actually) to copy filtered resources, i.e. build is platform dependent!
2023-05-17 15:19:29,982 [Worker-45: Building] INFO  o.e.m.c.i.embedder.EclipseLogger - Copying 0 resource
2023-05-17 15:21:30,822 [Worker-47: Building] WARN  o.e.m.c.i.embedder.EclipseLogger - Using platform encoding (Cp1252 actually) to copy filtered resources, i.e. build is platform dependent!
2023-05-17 15:21:30,825 [Worker-47: Building] INFO  o.e.m.c.i.embedder.EclipseLogger - Copying 0 resource
2023-05-17 15:21:30,829 [Worker-47: Building] WARN  o.e.m.c.i.embedder.EclipseLogger - Using platform encoding (Cp1252 actually) to copy filtered resources, i.e. build is platform dependent!
2023-05-17 15:21:30,831 [Worker-47: Building] INFO  o.e.m.c.i.embedder.EclipseLogger - Copying 0 resource
2023-05-17 15:22:40,914 [Worker-46: Building] WARN  o.e.m.c.i.embedder.EclipseLogger - Using platform encoding (Cp1252 actually) to copy filtered resources, i.e. build is platform dependent!
2023-05-17 15:22:40,916 [Worker-46: Building] INFO  o.e.m.c.i.embedder.EclipseLogger - Copying 1 resource
2023-05-17 15:22:40,923 [Worker-46: Building] WARN  o.e.m.c.i.embedder.EclipseLogger - Using platform encoding (Cp1252 actually) to copy filtered resources, i.e. build is platform dependent!
2023-05-17 15:22:40,924 [Worker-46: Building] INFO  o.e.m.c.i.embedder.EclipseLogger - Copying 0 resource
2023-05-17 15:26:02,128 [Worker-47: Building] WARN  o.e.m.c.i.embedder.EclipseLogger - Using platform encoding (Cp1252 actually) to copy filtered resources, i.e. build is platform dependent!
2023-05-17 15:26:02,129 [Worker-47: Building] INFO  o.e.m.c.i.embedder.EclipseLogger - Copying 0 resource
2023-05-17 15:26:02,134 [Worker-47: Building] WARN  o.e.m.c.i.embedder.EclipseLogger - Using platform encoding (Cp1252 actually) to copy filtered resources, i.e. build is platform dependent!
2023-05-17 15:26:02,135 [Worker-47: Building] INFO  o.e.m.c.i.embedder.EclipseLogger - Copying 0 resource
2023-05-17 15:26:59,099 [Worker-48: Building] WARN  o.e.m.c.i.embedder.EclipseLogger - Using platform encoding (Cp1252 actually) to copy filtered resources, i.e. build is platform dependent!
2023-05-17 15:26:59,100 [Worker-48: Building] INFO  o.e.m.c.i.embedder.EclipseLogger - Copying 0 resource
2023-05-17 15:26:59,105 [Worker-48: Building] WARN  o.e.m.c.i.embedder.EclipseLogger - Using platform encoding (Cp1252 actually) to copy filtered resources, i.e. build is platform dependent!
2023-05-17 15:26:59,107 [Worker-48: Building] INFO  o.e.m.c.i.embedder.EclipseLogger - Copying 0 resource
2023-05-17 15:29:30,066 [Worker-49: Building] WARN  o.e.m.c.i.embedder.EclipseLogger - Using platform encoding (Cp1252 actually) to copy filtered resources, i.e. build is platform dependent!
2023-05-17 15:29:30,068 [Worker-49: Building] INFO  o.e.m.c.i.embedder.EclipseLogger - Copying 0 resource
2023-05-17 15:29:30,071 [Worker-49: Building] WARN  o.e.m.c.i.embedder.EclipseLogger - Using platform encoding (Cp1252 actually) to copy filtered resources, i.e. build is platform dependent!
2023-05-17 15:29:30,075 [Worker-49: Building] INFO  o.e.m.c.i.embedder.EclipseLogger - Copying 0 resource
2023-05-17 15:31:10,454 [Worker-49: Building] WARN  o.e.m.c.i.embedder.EclipseLogger - Using platform encoding (Cp1252 actually) to copy filtered resources, i.e. build is platform dependent!
2023-05-17 15:31:10,456 [Worker-49: Building] INFO  o.e.m.c.i.embedder.EclipseLogger - Copying 0 resource
2023-05-17 15:31:10,459 [Worker-49: Building] WARN  o.e.m.c.i.embedder.EclipseLogger - Using platform encoding (Cp1252 actually) to copy filtered resources, i.e. build is platform dependent!
2023-05-17 15:31:10,461 [Worker-49: Building] INFO  o.e.m.c.i.embedder.EclipseLogger - Copying 0 resource
2023-05-17 15:32:23,171 [Worker-51: Building] WARN  o.e.m.c.i.embedder.EclipseLogger - Using platform encoding (Cp1252 actually) to copy filtered resources, i.e. build is platform dependent!
2023-05-17 15:32:23,171 [Worker-51: Building] INFO  o.e.m.c.i.embedder.EclipseLogger - Copying 0 resource
2023-05-17 15:32:23,175 [Worker-51: Building] WARN  o.e.m.c.i.embedder.EclipseLogger - Using platform encoding (Cp1252 actually) to copy filtered resources, i.e. build is platform dependent!
2023-05-17 15:32:23,175 [Worker-51: Building] INFO  o.e.m.c.i.embedder.EclipseLogger - Copying 0 resource
2023-05-17 15:58:44,304 [Worker-1: Loading available Gradle versions] INFO  o.e.b.c.i.u.g.PublishedGradleVersions - Gradle version information cache is up-to-date. Trying to read.
2023-05-17 15:59:09,125 [Worker-1: Retrieving catalog resource] INFO  o.a.h.c.h.i.c.HttpRequestRetryExec - Recoverable I/O exception (org.apache.hc.core5.http.NoHttpResponseException) caught when processing request to {s}->https://marketplace.eclipse.org:443
2023-05-17 15:59:09,125 [Worker-11: Retrieving catalog resource] INFO  o.a.h.c.h.i.c.HttpRequestRetryExec - Recoverable I/O exception (org.apache.hc.core5.http.NoHttpResponseException) caught when processing request to {s}->https://marketplace.eclipse.org:443
2023-05-17 15:59:09,125 [Worker-9: Retrieving catalog resource] INFO  o.a.h.c.h.i.c.HttpRequestRetryExec - Recoverable I/O exception (org.apache.hc.core5.http.NoHttpResponseException) caught when processing request to {s}->https://marketplace.eclipse.org:443
2023-05-17 16:03:38,988 [Worker-2: Loading available Gradle versions] INFO  o.e.b.c.i.u.g.PublishedGradleVersions - Gradle version information cache is up-to-date. Trying to read.
2023-05-17 16:05:13,558 [Worker-9: Building] WARN  o.e.m.c.i.embedder.EclipseLogger - Using platform encoding (Cp1252 actually) to copy filtered resources, i.e. build is platform dependent!
2023-05-17 16:05:13,574 [Worker-9: Building] INFO  o.e.m.c.i.embedder.EclipseLogger - Copying 1 resource
2023-05-17 16:05:13,601 [Worker-9: Building] WARN  o.e.m.c.i.embedder.EclipseLogger - Using platform encoding (Cp1252 actually) to copy filtered resources, i.e. build is platform dependent!
2023-05-17 16:05:13,602 [Worker-9: Building] INFO  o.e.m.c.i.embedder.EclipseLogger - Copying 0 resource
2023-05-17 16:06:08,531 [Worker-0: Building] WARN  o.e.m.c.i.embedder.EclipseLogger - Using platform encoding (Cp1252 actually) to copy filtered resources, i.e. build is platform dependent!
2023-05-17 16:06:08,563 [Worker-0: Building] INFO  o.e.m.c.i.embedder.EclipseLogger - Copying 0 resource
2023-05-17 16:06:08,569 [Worker-0: Building] WARN  o.e.m.c.i.embedder.EclipseLogger - Using platform encoding (Cp1252 actually) to copy filtered resources, i.e. build is platform dependent!
2023-05-17 16:06:08,570 [Worker-0: Building] INFO  o.e.m.c.i.embedder.EclipseLogger - Copying 0 resource
2023-05-17 16:07:28,981 [Worker-9: Building] WARN  o.e.m.c.i.embedder.EclipseLogger - Using platform encoding (Cp1252 actually) to copy filtered resources, i.e. build is platform dependent!
2023-05-17 16:07:28,984 [Worker-9: Building] INFO  o.e.m.c.i.embedder.EclipseLogger - Copying 0 resource
2023-05-17 16:07:28,988 [Worker-9: Building] WARN  o.e.m.c.i.embedder.EclipseLogger - Using platform encoding (Cp1252 actually) to copy filtered resources, i.e. build is platform dependent!
2023-05-17 16:07:28,990 [Worker-9: Building] INFO  o.e.m.c.i.embedder.EclipseLogger - Copying 0 resource
2023-05-17 16:07:44,782 [Worker-8: Building] WARN  o.e.m.c.i.embedder.EclipseLogger - Using platform encoding (Cp1252 actually) to copy filtered resources, i.e. build is platform dependent!
2023-05-17 16:07:44,783 [Worker-8: Building] INFO  o.e.m.c.i.embedder.EclipseLogger - Copying 0 resource
2023-05-17 16:07:44,786 [Worker-8: Building] WARN  o.e.m.c.i.embedder.EclipseLogger - Using platform encoding (Cp1252 actually) to copy filtered resources, i.e. build is platform dependent!
2023-05-17 16:07:44,787 [Worker-8: Building] INFO  o.e.m.c.i.embedder.EclipseLogger - Copying 0 resource
2023-05-17 16:13:12,322 [Worker-37: Building] WARN  o.e.m.c.i.embedder.EclipseLogger - Using platform encoding (Cp1252 actually) to copy filtered resources, i.e. build is platform dependent!
2023-05-17 16:13:12,324 [Worker-37: Building] INFO  o.e.m.c.i.embedder.EclipseLogger - Copying 0 resource
2023-05-17 16:13:12,327 [Worker-37: Building] WARN  o.e.m.c.i.embedder.EclipseLogger - Using platform encoding (Cp1252 actually) to copy filtered resources, i.e. build is platform dependent!
2023-05-17 16:13:12,382 [Worker-37: Building] INFO  o.e.m.c.i.embedder.EclipseLogger - Copying 0 resource
2023-05-17 18:44:32,502 [Worker-5: Loading available Gradle versions] INFO  o.e.b.c.i.u.g.PublishedGradleVersions - Gradle version information cache is up-to-date. Trying to read.
2023-05-23 13:22:36,947 [Worker-1: Loading available Gradle versions] INFO  o.e.b.c.i.u.g.PublishedGradleVersions - Gradle version information cache is out-of-date. Trying to update.
2023-05-23 13:55:02,358 [Worker-24: Building] INFO  o.e.m.c.i.l.LifecycleMappingFactory - Using org.eclipse.m2e.jdt.JarLifecycleMapping lifecycle mapping for MavenProject: com.usa.smarttech:Selenium_Automation_B34:0.0.1-SNAPSHOT @ C:\Users\MOHAMMED\git\SmartTechB342\pom.xml.
2023-05-23 13:55:19,367 [Worker-24: Building] WARN  o.e.m.c.i.embedder.EclipseLogger - Using platform encoding (Cp1252 actually) to copy filtered resources, i.e. build is platform dependent!
2023-05-23 13:55:19,370 [Worker-24: Building] INFO  o.e.m.c.i.embedder.EclipseLogger - skip non existing resourceDirectory C:\Users\MOHAMMED\git\SmartTechB342\src\main\resources
2023-05-23 13:55:19,374 [Worker-24: Building] WARN  o.e.m.c.i.embedder.EclipseLogger - Using platform encoding (Cp1252 actually) to copy filtered resources, i.e. build is platform dependent!
2023-05-23 13:55:19,375 [Worker-24: Building] INFO  o.e.m.c.i.embedder.EclipseLogger - skip non existing resourceDirectory C:\Users\MOHAMMED\git\SmartTechB342\src\test\resources
2023-05-23 13:55:21,489 [Worker-24: Building] WARN  o.e.m.c.i.embedder.EclipseLogger - Using platform encoding (Cp1252 actually) to copy filtered resources, i.e. build is platform dependent!
2023-05-23 13:55:21,508 [Worker-24: Building] INFO  o.e.m.c.i.embedder.EclipseLogger - Copying 1 resource
2023-05-23 13:55:21,521 [Worker-24: Building] WARN  o.e.m.c.i.embedder.EclipseLogger - Using platform encoding (Cp1252 actually) to copy filtered resources, i.e. build is platform dependent!
2023-05-23 13:55:21,523 [Worker-24: Building] INFO  o.e.m.c.i.embedder.EclipseLogger - Copying 0 resource
2023-05-23 13:55:24,803 [Worker-27: Launching Executing clean in C__Users_MOHAMMED_git_SmartTechB342] INFO  o.eclipse.m2e.core.internal.Bundles - getClasspathEntries(Bundle=org.eclipse.m2e.maven.runtime_3.8.701.20230209-1606 [273])
2023-05-23 13:55:24,828 [Worker-27: Launching Executing clean in C__Users_MOHAMMED_git_SmartTechB342] INFO  o.eclipse.m2e.core.internal.Bundles - 	Entry: C:\Users\MOHAMMED\.p2\pool\plugins\org.eclipse.m2e.maven.runtime_3.8.701.20230209-1606
2023-05-23 13:55:24,829 [Worker-27: Launching Executing clean in C__Users_MOHAMMED_git_SmartTechB342] INFO  o.eclipse.m2e.core.internal.Bundles - 	Entry: C:\Users\MOHAMMED\.p2\pool\plugins\org.eclipse.m2e.maven.runtime_3.8.701.20230209-1606\jars\aether-connector-okhttp-0.17.8.jar
2023-05-23 13:55:24,829 [Worker-27: Launching Executing clean in C__Users_MOHAMMED_git_SmartTechB342] INFO  o.eclipse.m2e.core.internal.Bundles - 	Entry: C:\Users\MOHAMMED\.p2\pool\plugins\org.eclipse.m2e.maven.runtime_3.8.701.20230209-1606\jars\commons-lang3-3.8.1.jar
2023-05-23 13:55:24,829 [Worker-27: Launching Executing clean in C__Users_MOHAMMED_git_SmartTechB342] INFO  o.eclipse.m2e.core.internal.Bundles - 	Entry: C:\Users\MOHAMMED\.p2\pool\plugins\org.eclipse.m2e.maven.runtime_3.8.701.20230209-1606\jars\guice-4.2.2-no_aop.jar
2023-05-23 13:55:24,829 [Worker-27: Launching Executing clean in C__Users_MOHAMMED_git_SmartTechB342] INFO  o.eclipse.m2e.core.internal.Bundles - 	Entry: C:\Users\MOHAMMED\.p2\pool\plugins\org.eclipse.m2e.maven.runtime_3.8.701.20230209-1606\jars\jansi-2.4.0.jar
2023-05-23 13:55:24,829 [Worker-27: Launching Executing clean in C__Users_MOHAMMED_git_SmartTechB342] INFO  o.eclipse.m2e.core.internal.Bundles - 	Entry: C:\Users\MOHAMMED\.p2\pool\plugins\org.eclipse.m2e.maven.runtime_3.8.701.20230209-1606\jars\maven-artifact-3.8.7.jar
2023-05-23 13:55:24,829 [Worker-27: Launching Executing clean in C__Users_MOHAMMED_git_SmartTechB342] INFO  o.eclipse.m2e.core.internal.Bundles - 	Entry: C:\Users\MOHAMMED\.p2\pool\plugins\org.eclipse.m2e.maven.runtime_3.8.701.20230209-1606\jars\maven-builder-support-3.8.7.jar
2023-05-23 13:55:24,830 [Worker-27: Launching Executing clean in C__Users_MOHAMMED_git_SmartTechB342] INFO  o.eclipse.m2e.core.internal.Bundles - 	Entry: C:\Users\MOHAMMED\.p2\pool\plugins\org.eclipse.m2e.maven.runtime_3.8.701.20230209-1606\jars\maven-compat-3.8.7.jar
2023-05-23 13:55:24,830 [Worker-27: Launching Executing clean in C__Users_MOHAMMED_git_SmartTechB342] INFO  o.eclipse.m2e.core.internal.Bundles - 	Entry: C:\Users\MOHAMMED\.p2\pool\plugins\org.eclipse.m2e.maven.runtime_3.8.701.20230209-1606\jars\maven-core-3.8.7.jar
2023-05-23 13:55:24,830 [Worker-27: Launching Executing clean in C__Users_MOHAMMED_git_SmartTechB342] INFO  o.eclipse.m2e.core.internal.Bundles - 	Entry: C:\Users\MOHAMMED\.p2\pool\plugins\org.eclipse.m2e.maven.runtime_3.8.701.20230209-1606\jars\maven-embedder-3.8.7.jar
2023-05-23 13:55:24,830 [Worker-27: Launching Executing clean in C__Users_MOHAMMED_git_SmartTechB342] INFO  o.eclipse.m2e.core.internal.Bundles - 	Entry: C:\Users\MOHAMMED\.p2\pool\plugins\org.eclipse.m2e.maven.runtime_3.8.701.20230209-1606\jars\maven-model-3.8.7.jar
2023-05-23 13:55:24,830 [Worker-27: Launching Executing clean in C__Users_MOHAMMED_git_SmartTechB342] INFO  o.eclipse.m2e.core.internal.Bundles - 	Entry: C:\Users\MOHAMMED\.p2\pool\plugins\org.eclipse.m2e.maven.runtime_3.8.701.20230209-1606\jars\maven-model-builder-3.8.7.jar
2023-05-23 13:55:24,830 [Worker-27: Launching Executing clean in C__Users_MOHAMMED_git_SmartTechB342] INFO  o.eclipse.m2e.core.internal.Bundles - 	Entry: C:\Users\MOHAMMED\.p2\pool\plugins\org.eclipse.m2e.maven.runtime_3.8.701.20230209-1606\jars\maven-plugin-api-3.8.7.jar
2023-05-23 13:55:24,830 [Worker-27: Launching Executing clean in C__Users_MOHAMMED_git_SmartTechB342] INFO  o.eclipse.m2e.core.internal.Bundles - 	Entry: C:\Users\MOHAMMED\.p2\pool\plugins\org.eclipse.m2e.maven.runtime_3.8.701.20230209-1606\jars\maven-repository-metadata-3.8.7.jar
2023-05-23 13:55:24,830 [Worker-27: Launching Executing clean in C__Users_MOHAMMED_git_SmartTechB342] INFO  o.eclipse.m2e.core.internal.Bundles - 	Entry: C:\Users\MOHAMMED\.p2\pool\plugins\org.eclipse.m2e.maven.runtime_3.8.701.20230209-1606\jars\maven-resolver-api-1.6.3.jar
2023-05-23 13:55:24,831 [Worker-27: Launching Executing clean in C__Users_MOHAMMED_git_SmartTechB342] INFO  o.eclipse.m2e.core.internal.Bundles - 	Entry: C:\Users\MOHAMMED\.p2\pool\plugins\org.eclipse.m2e.maven.runtime_3.8.701.20230209-1606\jars\maven-resolver-connector-basic-1.6.3.jar
2023-05-23 13:55:24,831 [Worker-27: Launching Executing clean in C__Users_MOHAMMED_git_SmartTechB342] INFO  o.eclipse.m2e.core.internal.Bundles - 	Entry: C:\Users\MOHAMMED\.p2\pool\plugins\org.eclipse.m2e.maven.runtime_3.8.701.20230209-1606\jars\maven-resolver-impl-1.6.3.jar
2023-05-23 13:55:24,831 [Worker-27: Launching Executing clean in C__Users_MOHAMMED_git_SmartTechB342] INFO  o.eclipse.m2e.core.internal.Bundles - 	Entry: C:\Users\MOHAMMED\.p2\pool\plugins\org.eclipse.m2e.maven.runtime_3.8.701.20230209-1606\jars\maven-resolver-provider-3.8.7.jar
2023-05-23 13:55:24,831 [Worker-27: Launching Executing clean in C__Users_MOHAMMED_git_SmartTechB342] INFO  o.eclipse.m2e.core.internal.Bundles - 	Entry: C:\Users\MOHAMMED\.p2\pool\plugins\org.eclipse.m2e.maven.runtime_3.8.701.20230209-1606\jars\maven-resolver-spi-1.6.3.jar
2023-05-23 13:55:24,831 [Worker-27: Launching Executing clean in C__Users_MOHAMMED_git_SmartTechB342] INFO  o.eclipse.m2e.core.internal.Bundles - 	Entry: C:\Users\MOHAMMED\.p2\pool\plugins\org.eclipse.m2e.maven.runtime_3.8.701.20230209-1606\jars\maven-resolver-transport-wagon-1.6.3.jar
2023-05-23 13:55:24,831 [Worker-27: Launching Executing clean in C__Users_MOHAMMED_git_SmartTechB342] INFO  o.eclipse.m2e.core.internal.Bundles - 	Entry: C:\Users\MOHAMMED\.p2\pool\plugins\org.eclipse.m2e.maven.runtime_3.8.701.20230209-1606\jars\maven-resolver-util-1.6.3.jar
2023-05-23 13:55:24,831 [Worker-27: Launching Executing clean in C__Users_MOHAMMED_git_SmartTechB342] INFO  o.eclipse.m2e.core.internal.Bundles - 	Entry: C:\Users\MOHAMMED\.p2\pool\plugins\org.eclipse.m2e.maven.runtime_3.8.701.20230209-1606\jars\maven-settings-3.8.7.jar
2023-05-23 13:55:24,831 [Worker-27: Launching Executing clean in C__Users_MOHAMMED_git_SmartTechB342] INFO  o.eclipse.m2e.core.internal.Bundles - 	Entry: C:\Users\MOHAMMED\.p2\pool\plugins\org.eclipse.m2e.maven.runtime_3.8.701.20230209-1606\jars\maven-settings-builder-3.8.7.jar
2023-05-23 13:55:24,832 [Worker-27: Launching Executing clean in C__Users_MOHAMMED_git_SmartTechB342] INFO  o.eclipse.m2e.core.internal.Bundles - 	Entry: C:\Users\MOHAMMED\.p2\pool\plugins\org.eclipse.m2e.maven.runtime_3.8.701.20230209-1606\jars\maven-shared-utils-3.3.4.jar
2023-05-23 13:55:24,832 [Worker-27: Launching Executing clean in C__Users_MOHAMMED_git_SmartTechB342] INFO  o.eclipse.m2e.core.internal.Bundles - 	Entry: C:\Users\MOHAMMED\.p2\pool\plugins\org.eclipse.m2e.maven.runtime_3.8.701.20230209-1606\jars\okhttp-3.14.1.jar
2023-05-23 13:55:24,832 [Worker-27: Launching Executing clean in C__Users_MOHAMMED_git_SmartTechB342] INFO  o.eclipse.m2e.core.internal.Bundles - 	Entry: C:\Users\MOHAMMED\.p2\pool\plugins\org.eclipse.m2e.maven.runtime_3.8.701.20230209-1606\jars\okio-1.17.3.jar
2023-05-23 13:55:24,832 [Worker-27: Launching Executing clean in C__Users_MOHAMMED_git_SmartTechB342] INFO  o.eclipse.m2e.core.internal.Bundles - 	Entry: C:\Users\MOHAMMED\.p2\pool\plugins\org.eclipse.m2e.maven.runtime_3.8.701.20230209-1606\jars\org.eclipse.sisu.inject-0.3.5.jar
2023-05-23 13:55:24,832 [Worker-27: Launching Executing clean in C__Users_MOHAMMED_git_SmartTechB342] INFO  o.eclipse.m2e.core.internal.Bundles - 	Entry: C:\Users\MOHAMMED\.p2\pool\plugins\org.eclipse.m2e.maven.runtime_3.8.701.20230209-1606\jars\org.eclipse.sisu.plexus-0.3.5.jar
2023-05-23 13:55:24,832 [Worker-27: Launching Executing clean in C__Users_MOHAMMED_git_SmartTechB342] INFO  o.eclipse.m2e.core.internal.Bundles - 	Entry: C:\Users\MOHAMMED\.p2\pool\plugins\org.eclipse.m2e.maven.runtime_3.8.701.20230209-1606\jars\plexus-build-api-0.0.7.jar
2023-05-23 13:55:24,832 [Worker-27: Launching Executing clean in C__Users_MOHAMMED_git_SmartTechB342] INFO  o.eclipse.m2e.core.internal.Bundles - 	Entry: C:\Users\MOHAMMED\.p2\pool\plugins\org.eclipse.m2e.maven.runtime_3.8.701.20230209-1606\jars\plexus-cipher-2.0.jar
2023-05-23 13:55:24,832 [Worker-27: Launching Executing clean in C__Users_MOHAMMED_git_SmartTechB342] INFO  o.eclipse.m2e.core.internal.Bundles - 	Entry: C:\Users\MOHAMMED\.p2\pool\plugins\org.eclipse.m2e.maven.runtime_3.8.701.20230209-1606\jars\plexus-classworlds-2.6.0.jar
2023-05-23 13:55:24,832 [Worker-27: Launching Executing clean in C__Users_MOHAMMED_git_SmartTechB342] INFO  o.eclipse.m2e.core.internal.Bundles - 	Entry: C:\Users\MOHAMMED\.p2\pool\plugins\org.eclipse.m2e.maven.runtime_3.8.701.20230209-1606\jars\plexus-component-annotations-2.1.0.jar
2023-05-23 13:55:24,834 [Worker-27: Launching Executing clean in C__Users_MOHAMMED_git_SmartTechB342] INFO  o.eclipse.m2e.core.internal.Bundles - 	Entry: C:\Users\MOHAMMED\.p2\pool\plugins\org.eclipse.m2e.maven.runtime_3.8.701.20230209-1606\jars\plexus-interpolation-1.26.jar
2023-05-23 13:55:24,834 [Worker-27: Launching Executing clean in C__Users_MOHAMMED_git_SmartTechB342] INFO  o.eclipse.m2e.core.internal.Bundles - 	Entry: C:\Users\MOHAMMED\.p2\pool\plugins\org.eclipse.m2e.maven.runtime_3.8.701.20230209-1606\jars\plexus-sec-dispatcher-2.0.jar
2023-05-23 13:55:24,834 [Worker-27: Launching Executing clean in C__Users_MOHAMMED_git_SmartTechB342] INFO  o.eclipse.m2e.core.internal.Bundles - 	Entry: C:\Users\MOHAMMED\.p2\pool\plugins\org.eclipse.m2e.maven.runtime_3.8.701.20230209-1606\jars\plexus-utils-3.3.1.jar
2023-05-23 13:55:24,834 [Worker-27: Launching Executing clean in C__Users_MOHAMMED_git_SmartTechB342] INFO  o.eclipse.m2e.core.internal.Bundles - 	Entry: C:\Users\MOHAMMED\.p2\pool\plugins\org.eclipse.m2e.maven.runtime_3.8.701.20230209-1606\jars\wagon-file-3.5.3.jar
2023-05-23 13:55:24,834 [Worker-27: Launching Executing clean in C__Users_MOHAMMED_git_SmartTechB342] INFO  o.eclipse.m2e.core.internal.Bundles - 	Entry: C:\Users\MOHAMMED\.p2\pool\plugins\org.eclipse.m2e.maven.runtime_3.8.701.20230209-1606\jars\wagon-provider-api-3.5.3.jar
2023-05-23 13:55:24,835 [Worker-27: Launching Executing clean in C__Users_MOHAMMED_git_SmartTechB342] INFO  o.eclipse.m2e.core.internal.Bundles - getClasspathEntries(Bundle=com.google.guava_31.1.0.jre [9])
2023-05-23 13:55:24,836 [Worker-27: Launching Executing clean in C__Users_MOHAMMED_git_SmartTechB342] INFO  o.eclipse.m2e.core.internal.Bundles - 	Entry: C:\Users\MOHAMMED\.p2\pool\plugins\com.google.guava_31.1.0.jre.jar
2023-05-23 13:55:24,836 [Worker-27: Launching Executing clean in C__Users_MOHAMMED_git_SmartTechB342] INFO  o.eclipse.m2e.core.internal.Bundles - getClasspathEntries(Bundle=slf4j.api_1.7.36 [441])
2023-05-23 13:55:24,837 [Worker-27: Launching Executing clean in C__Users_MOHAMMED_git_SmartTechB342] INFO  o.eclipse.m2e.core.internal.Bundles - 	Entry: C:\Users\MOHAMMED\.p2\pool\plugins\slf4j.api_1.7.36.jar
2023-05-23 13:55:24,837 [Worker-27: Launching Executing clean in C__Users_MOHAMMED_git_SmartTechB342] INFO  o.eclipse.m2e.core.internal.Bundles - getClasspathEntries(Bundle=javax.inject_1.0.0.v20220405-0441 [21])
2023-05-23 13:55:24,838 [Worker-27: Launching Executing clean in C__Users_MOHAMMED_git_SmartTechB342] INFO  o.eclipse.m2e.core.internal.Bundles - 	Entry: C:\Users\MOHAMMED\.p2\pool\plugins\javax.inject_1.0.0.v20220405-0441.jar
2023-05-23 13:55:24,838 [Worker-27: Launching Executing clean in C__Users_MOHAMMED_git_SmartTechB342] INFO  o.eclipse.m2e.core.internal.Bundles - getClasspathEntries(Bundle=javax.annotation_1.3.5.v20221203-1659 [19])
2023-05-23 13:55:24,839 [Worker-27: Launching Executing clean in C__Users_MOHAMMED_git_SmartTechB342] INFO  o.eclipse.m2e.core.internal.Bundles - 	Entry: C:\Users\MOHAMMED\.p2\pool\plugins\javax.annotation_1.3.5.v20221203-1659.jar
2023-05-23 13:55:24,839 [Worker-27: Launching Executing clean in C__Users_MOHAMMED_git_SmartTechB342] INFO  o.eclipse.m2e.core.internal.Bundles - getClasspathEntries(Bundle=org.apache.commons.cli_1.4.0.v20221112-0806 [41])
2023-05-23 13:55:24,840 [Worker-27: Launching Executing clean in C__Users_MOHAMMED_git_SmartTechB342] INFO  o.eclipse.m2e.core.internal.Bundles - 	Entry: C:\Users\MOHAMMED\.p2\pool\plugins\org.apache.commons.cli_1.4.0.v20221112-0806.jar
2023-05-23 13:55:24,840 [Worker-27: Launching Executing clean in C__Users_MOHAMMED_git_SmartTechB342] INFO  o.eclipse.m2e.core.internal.Bundles - getClasspathEntries(Bundle=com.google.guava.failureaccess_1.0.1 [11])
2023-05-23 13:55:24,840 [Worker-27: Launching Executing clean in C__Users_MOHAMMED_git_SmartTechB342] INFO  o.eclipse.m2e.core.internal.Bundles - 	Entry: C:\Users\MOHAMMED\.p2\pool\plugins\com.google.guava.failureaccess_1.0.1.jar
2023-05-23 13:55:24,856 [Worker-27: Launching Executing clean in C__Users_MOHAMMED_git_SmartTechB342] INFO  o.e.m.i.launch.MavenLaunchDelegate - Run build in "C:\Users\MOHAMMED\git\SmartTechB342":
2023-05-23 13:55:24,872 [Worker-27: Launching Executing clean in C__Users_MOHAMMED_git_SmartTechB342] INFO  o.e.m.i.launch.MavenLaunchDelegate -  mvn  -B -Dstyle.color=always clean
2023-05-23 13:55:38,989 [Worker-24: Launching Executing install in C__Users_MOHAMMED_git_SmartTechB342] INFO  o.e.m.i.launch.MavenLaunchDelegate - Run build in "C:\Users\MOHAMMED\git\SmartTechB342":
2023-05-23 13:55:38,990 [Worker-24: Launching Executing install in C__Users_MOHAMMED_git_SmartTechB342] INFO  o.e.m.i.launch.MavenLaunchDelegate -  mvn  -B -Dstyle.color=always install
2023-05-23 13:56:24,498 [Worker-19: Updating Maven Project] INFO  o.e.m.c.i.p.ProjectConfigurationManager - Update started
2023-05-23 13:56:24,785 [Worker-19: Updating Maven Project] INFO  o.e.m.c.i.l.LifecycleMappingFactory - Using org.eclipse.m2e.jdt.JarLifecycleMapping lifecycle mapping for MavenProject: com.usa.smarttech:Selenium_Automation_B34:0.0.1-SNAPSHOT @ C:\Users\MOHAMMED\git\SmartTechB342\pom.xml.
2023-05-23 13:56:25,180 [Worker-19: Updating Maven Project] INFO  o.e.m.c.i.e.AbstractTransferListenerAdapter - Downloading https://repo.maven.apache.org/maven2/io/cucumber/messages/maven-metadata.xml
2023-05-23 13:56:25,253 [Worker-19: Updating Maven Project] INFO  o.e.m.c.i.e.AbstractTransferListenerAdapter - Downloaded https://repo.maven.apache.org/maven2/io/cucumber/messages/maven-metadata.xml
2023-05-23 13:56:27,103 [Worker-19: Updating Maven Project] INFO  o.e.m.c.i.l.LifecycleMappingFactory - Using org.eclipse.m2e.jdt.JarLifecycleMapping lifecycle mapping for MavenProject: com.usa.login:smart_Tech:0.0.1-SNAPSHOT @ C:\Users\MOHAMMED\eclipse-workspace\smart_Tech\smart_Tech\pom.xml.
2023-05-23 13:56:27,475 [Worker-19: Updating Maven Project] INFO  o.e.m.j.i.AbstractJavaProjectConfigurator - Adding source folder /Selenium_Automation_B34/src/main/java
2023-05-23 13:56:27,477 [Worker-19: Updating Maven Project] INFO  o.e.m.j.i.AbstractJavaProjectConfigurator - Adding source folder /Selenium_Automation_B34/src/test/java
2023-05-23 13:56:27,835 [Worker-19: Updating Maven Project] INFO  o.e.m.c.i.p.ProjectConfigurationManager - Update completed for 1 poms: local refresh takes 0.00 sec, refresh facades takes 2.00 sec, update config takes 0.00 sec 
2023-05-23 13:56:28,294 [Worker-24: Building] WARN  o.e.m.c.i.embedder.EclipseLogger - Using platform encoding (Cp1252 actually) to copy filtered resources, i.e. build is platform dependent!
2023-05-23 13:56:28,295 [Worker-24: Building] INFO  o.e.m.c.i.embedder.EclipseLogger - skip non existing resourceDirectory C:\Users\MOHAMMED\git\SmartTechB342\src\main\resources
2023-05-23 13:56:28,299 [Worker-24: Building] WARN  o.e.m.c.i.embedder.EclipseLogger - Using platform encoding (Cp1252 actually) to copy filtered resources, i.e. build is platform dependent!
2023-05-23 13:56:28,300 [Worker-24: Building] INFO  o.e.m.c.i.embedder.EclipseLogger - skip non existing resourceDirectory C:\Users\MOHAMMED\git\SmartTechB342\src\test\resources
2023-05-23 13:57:38,199 [Worker-31: Building] WARN  o.e.m.c.i.embedder.EclipseLogger - Using platform encoding (Cp1252 actually) to copy filtered resources, i.e. build is platform dependent!
2023-05-23 13:57:38,223 [Worker-31: Building] INFO  o.e.m.c.i.embedder.EclipseLogger - skip non existing resourceDirectory C:\Users\MOHAMMED\git\SmartTechB342\src\main\resources
2023-05-23 13:57:38,227 [Worker-31: Building] WARN  o.e.m.c.i.embedder.EclipseLogger - Using platform encoding (Cp1252 actually) to copy filtered resources, i.e. build is platform dependent!
2023-05-23 13:57:38,228 [Worker-31: Building] INFO  o.e.m.c.i.embedder.EclipseLogger - skip non existing resourceDirectory C:\Users\MOHAMMED\git\SmartTechB342\src\test\resources
2023-05-23 13:58:26,599 [Worker-19: Updating Maven Project] INFO  o.e.m.c.i.p.ProjectConfigurationManager - Update started
2023-05-23 13:58:26,839 [Worker-19: Updating Maven Project] INFO  o.e.m.c.i.l.LifecycleMappingFactory - Using org.eclipse.m2e.jdt.JarLifecycleMapping lifecycle mapping for MavenProject: com.usa.smarttech:Selenium_Automation_B34:0.0.1-SNAPSHOT @ C:\Users\MOHAMMED\git\SmartTechB342\pom.xml.
2023-05-23 13:58:27,071 [Worker-19: Updating Maven Project] INFO  o.e.m.c.i.e.AbstractTransferListenerAdapter - Downloading https://repo.maven.apache.org/maven2/io/cucumber/messages/maven-metadata.xml
2023-05-23 13:58:27,124 [Worker-19: Updating Maven Project] INFO  o.e.m.c.i.e.AbstractTransferListenerAdapter - Downloaded https://repo.maven.apache.org/maven2/io/cucumber/messages/maven-metadata.xml
2023-05-23 13:58:27,433 [Worker-19: Updating Maven Project] INFO  o.e.m.j.i.AbstractJavaProjectConfigurator - Adding source folder /Selenium_Automation_B34/src/main/java
2023-05-23 13:58:27,434 [Worker-19: Updating Maven Project] INFO  o.e.m.j.i.AbstractJavaProjectConfigurator - Adding source folder /Selenium_Automation_B34/src/test/java
2023-05-23 13:58:27,689 [Worker-19: Updating Maven Project] INFO  o.e.m.c.i.p.ProjectConfigurationManager - Update completed for 1 poms: local refresh takes 0.00 sec, refresh facades takes 0.00 sec, update config takes 0.00 sec 
2023-05-23 13:58:28,015 [Worker-31: Building] WARN  o.e.m.c.i.embedder.EclipseLogger - Using platform encoding (Cp1252 actually) to copy filtered resources, i.e. build is platform dependent!
2023-05-23 13:58:28,016 [Worker-31: Building] INFO  o.e.m.c.i.embedder.EclipseLogger - skip non existing resourceDirectory C:\Users\MOHAMMED\git\SmartTechB342\src\main\resources
2023-05-23 13:58:28,018 [Worker-31: Building] WARN  o.e.m.c.i.embedder.EclipseLogger - Using platform encoding (Cp1252 actually) to copy filtered resources, i.e. build is platform dependent!
2023-05-23 13:58:28,019 [Worker-31: Building] INFO  o.e.m.c.i.embedder.EclipseLogger - skip non existing resourceDirectory C:\Users\MOHAMMED\git\SmartTechB342\src\test\resources
2023-05-29 23:34:55,755 [Worker-1: Loading available Gradle versions] INFO  o.e.b.c.i.u.g.PublishedGradleVersions - Gradle version information cache is out-of-date. Trying to update.
2023-06-22 22:34:34,074 [Worker-6: Loading available Gradle versions] INFO  o.e.b.c.i.u.g.PublishedGradleVersions - Gradle version information cache is out-of-date. Trying to update.
2023-06-22 22:36:30,131 [Worker-7: Building] WARN  o.e.m.c.i.embedder.EclipseLogger - Using platform encoding (Cp1252 actually) to copy filtered resources, i.e. build is platform dependent!
2023-06-22 22:36:30,134 [Worker-7: Building] INFO  o.e.m.c.i.embedder.EclipseLogger - skip non existing resourceDirectory C:\Users\MOHAMMED\git\SmartTechB342\src\main\resources
2023-06-22 22:36:30,138 [Worker-7: Building] WARN  o.e.m.c.i.embedder.EclipseLogger - Using platform encoding (Cp1252 actually) to copy filtered resources, i.e. build is platform dependent!
2023-06-22 22:36:30,139 [Worker-7: Building] INFO  o.e.m.c.i.embedder.EclipseLogger - skip non existing resourceDirectory C:\Users\MOHAMMED\git\SmartTechB342\src\test\resources
2023-06-22 22:36:32,061 [Worker-7: Building] WARN  o.e.m.c.i.embedder.EclipseLogger - Using platform encoding (Cp1252 actually) to copy filtered resources, i.e. build is platform dependent!
2023-06-22 22:36:32,073 [Worker-7: Building] INFO  o.e.m.c.i.embedder.EclipseLogger - Copying 1 resource
2023-06-22 22:36:32,147 [Worker-7: Building] WARN  o.e.m.c.i.embedder.EclipseLogger - Using platform encoding (Cp1252 actually) to copy filtered resources, i.e. build is platform dependent!
2023-06-22 22:36:32,148 [Worker-7: Building] INFO  o.e.m.c.i.embedder.EclipseLogger - Copying 0 resource
2023-06-22 22:36:32,760 [Worker-19: Loading available Gradle versions] INFO  o.e.b.c.i.u.g.PublishedGradleVersions - Gradle version information cache is up-to-date. Trying to read.
2023-07-22 22:51:11,954 [Worker-9: Loading available Gradle versions] INFO  o.e.b.c.i.u.g.PublishedGradleVersions - Gradle version information cache is out-of-date. Trying to update.
2023-07-22 22:52:18,579 [Worker-20: Loading available Gradle versions] INFO  o.e.b.c.i.u.g.PublishedGradleVersions - Gradle version information cache is up-to-date. Trying to read.
2023-08-02 23:00:27,898 [Worker-19: Loading available Gradle versions] INFO  o.e.b.c.i.u.g.PublishedGradleVersions - Gradle version information cache is out-of-date. Trying to update.
